10:29:27 PM  [main] 	Initializing Control Panel
10:29:27 PM  [main] 	Windows Version: Windows 8 Pro  64-bit
10:29:27 PM  [main] 	XAMPP Version: 5.6.3
10:29:27 PM  [main] 	Control Panel Version: 3.2.1  [ Compiled: May 7th 2013 ]
10:29:27 PM  [main] 	You are not running with administrator rights! This will work for
10:29:27 PM  [main] 	most application stuff but whenever you do something with services
10:29:27 PM  [main] 	there will be a security dialogue or things will break! So think 
10:29:27 PM  [main] 	about running this application with administrator rights!
10:29:27 PM  [main] 	XAMPP Installation Directory: "c:\xampp\"
10:29:27 PM  [main] 	Checking for prerequisites
10:29:28 PM  [main] 	All prerequisites found
10:29:28 PM  [main] 	Initializing Modules
10:29:28 PM  [Apache] 	Problem detected!
10:29:28 PM  [Apache] 	Port 80 in use by "Unable to open process" with PID 6052!
10:29:28 PM  [Apache] 	Apache WILL NOT start without the configured ports free!
10:29:28 PM  [Apache] 	You need to uninstall/disable/reconfigure the blocking application
10:29:28 PM  [Apache] 	or reconfigure Apache and the Control Panel to listen on a different port
10:29:28 PM  [Apache] 	Problem detected!
10:29:28 PM  [Apache] 	Port 443 in use by "Unable to open process" with PID 6052!
10:29:28 PM  [Apache] 	Apache WILL NOT start without the configured ports free!
10:29:28 PM  [Apache] 	You need to uninstall/disable/reconfigure the blocking application
10:29:28 PM  [Apache] 	or reconfigure Apache and the Control Panel to listen on a different port
10:29:28 PM  [main] 	Starting Check-Timer
10:29:28 PM  [main] 	Control Panel Ready
10:29:29 PM  [Apache] 	Problem detected!
10:29:29 PM  [Apache] 	Port 80 in use by "Unable to open process" with PID 6052!
10:29:29 PM  [Apache] 	Apache WILL NOT start without the configured ports free!
10:29:29 PM  [Apache] 	You need to uninstall/disable/reconfigure the blocking application
10:29:29 PM  [Apache] 	or reconfigure Apache and the Control Panel to listen on a different port
10:29:29 PM  [Apache] 	Problem detected!
10:29:29 PM  [Apache] 	Port 443 in use by "Unable to open process" with PID 6052!
10:29:29 PM  [Apache] 	Apache WILL NOT start without the configured ports free!
10:29:29 PM  [Apache] 	You need to uninstall/disable/reconfigure the blocking application
10:29:29 PM  [Apache] 	or reconfigure Apache and the Control Panel to listen on a different port
10:29:29 PM  [Apache] 	Attempting to start Apache app...
10:29:29 PM  [Apache] 	Status change detected: running
10:29:30 PM  [Apache] 	Status change detected: stopped
10:29:30 PM  [Apache] 	Error: Apache shutdown unexpectedly.
10:29:30 PM  [Apache] 	This may be due to a blocked port, missing dependencies, 
10:29:30 PM  [Apache] 	improper privileges, a crash, or a shutdown by another method.
10:29:30 PM  [Apache] 	Press the Logs button to view error logs and check
10:29:30 PM  [Apache] 	the Windows Event Viewer for more clues
10:29:30 PM  [Apache] 	If you need more help, copy and post this
10:29:30 PM  [Apache] 	entire log window on the forums
10:29:31 PM  [Apache] 	Problem detected!
10:29:31 PM  [Apache] 	Port 80 in use by "Unable to open process" with PID 6052!
10:29:31 PM  [Apache] 	Apache WILL NOT start without the configured ports free!
10:29:31 PM  [Apache] 	You need to uninstall/disable/reconfigure the blocking application
10:29:31 PM  [Apache] 	or reconfigure Apache and the Control Panel to listen on a different port
10:29:31 PM  [Apache] 	Problem detected!
10:29:31 PM  [Apache] 	Port 443 in use by "Unable to open process" with PID 6052!
10:29:31 PM  [Apache] 	Apache WILL NOT start without the configured ports free!
10:29:31 PM  [Apache] 	You need to uninstall/disable/reconfigure the blocking application
10:29:31 PM  [Apache] 	or reconfigure Apache and the Control Panel to listen on a different port
10:29:31 PM  [Apache] 	Attempting to start Apache app...
10:29:31 PM  [Apache] 	Status change detected: running
10:29:32 PM  [Apache] 	Status change detected: stopped
10:29:32 PM  [Apache] 	Error: Apache shutdown unexpectedly.
10:29:32 PM  [Apache] 	This may be due to a blocked port, missing dependencies, 
10:29:32 PM  [Apache] 	improper privileges, a crash, or a shutdown by another method.
10:29:32 PM  [Apache] 	Press the Logs button to view error logs and check
10:29:32 PM  [Apache] 	the Windows Event Viewer for more clues
10:29:32 PM  [Apache] 	If you need more help, copy and post this
10:29:32 PM  [Apache] 	entire log window on the forums
10:29:39 PM  [Apache] 	Problem detected!
10:29:39 PM  [Apache] 	Port 80 in use by "Unable to open process" with PID 6052!
10:29:39 PM  [Apache] 	Apache WILL NOT start without the configured ports free!
10:29:39 PM  [Apache] 	You need to uninstall/disable/reconfigure the blocking application
10:29:39 PM  [Apache] 	or reconfigure Apache and the Control Panel to listen on a different port
10:29:39 PM  [Apache] 	Problem detected!
10:29:39 PM  [Apache] 	Port 443 in use by "Unable to open process" with PID 6052!
10:29:39 PM  [Apache] 	Apache WILL NOT start without the configured ports free!
10:29:39 PM  [Apache] 	You need to uninstall/disable/reconfigure the blocking application
10:29:39 PM  [Apache] 	or reconfigure Apache and the Control Panel to listen on a different port
10:29:39 PM  [Apache] 	Attempting to start Apache app...
11:11:08 PM  [main] 	Deinitializing Modules
11:11:08 PM  [main] 	Deinitializing Control Panel

11:24:04 PM  [main] 	Initializing Control Panel
11:24:04 PM  [main] 	Windows Version: Windows 8 Pro  64-bit
11:24:04 PM  [main] 	XAMPP Version: 5.6.3
11:24:04 PM  [main] 	Control Panel Version: 3.2.1  [ Compiled: May 7th 2013 ]
11:24:04 PM  [main] 	You are not running with administrator rights! This will work for
11:24:04 PM  [main] 	most application stuff but whenever you do something with services
11:24:04 PM  [main] 	there will be a security dialogue or things will break! So think 
11:24:04 PM  [main] 	about running this application with administrator rights!
11:24:04 PM  [main] 	XAMPP Installation Directory: "c:\xampp\"
11:24:04 PM  [main] 	Checking for prerequisites
11:24:05 PM  [main] 	All prerequisites found
11:24:05 PM  [main] 	Initializing Modules
11:24:05 PM  [main] 	Starting Check-Timer
11:24:05 PM  [main] 	Control Panel Ready
11:24:07 PM  [Apache] 	Attempting to start Apache app...
11:24:07 PM  [Apache] 	Status change detected: running
11:24:12 PM  [mysql] 	Attempting to start MySQL app...
11:24:14 PM  [mysql] 	Status change detected: running
11:51:58 PM  [Apache] 	Attempting to stop Apache (PID: 5392)
11:51:58 PM  [Apache] 	Attempting to stop Apache (PID: 5528)
11:51:58 PM  [Apache] 	Status change detected: stopped
11:51:59 PM  [mysql] 	Attempting to stop MySQL (PID: 4564)
11:51:59 PM  [mysql] 	Status change detected: stopped
11:53:15 PM  [Apache] 	Attempting to start Apache app...
11:53:15 PM  [Apache] 	Status change detected: running
11:53:17 PM  [mysql] 	Attempting to start MySQL app...
11:53:18 PM  [mysql] 	Status change detected: running
11:55:05 PM  [Apache] 	Attempting to stop Apache (PID: 1744)
11:55:05 PM  [Apache] 	Attempting to stop Apache (PID: 6152)
11:55:05 PM  [Apache] 	Status change detected: stopped
11:55:05 PM  [mysql] 	Attempting to stop MySQL (PID: 6408)
11:55:05 PM  [mysql] 	Status change detected: stopped
11:57:52 PM  [Apache] 	Attempting to start Apache app...
11:57:52 PM  [Apache] 	Status change detected: running
11:57:53 PM  [mysql] 	Attempting to start MySQL app...
11:57:53 PM  [mysql] 	Status change detected: running
11:58:21 PM  [mysql] 	Attempting to stop MySQL (PID: 1352)
11:58:21 PM  [mysql] 	Status change detected: stopped
11:58:22 PM  [mysql] 	Attempting to start MySQL app...
11:58:22 PM  [mysql] 	Status change detected: running
12:29:11 AM  [main] 	Deinitializing Modules
12:29:11 AM  [main] 	Deinitializing Control Panel

