::1 - - [08/Apr/2015:23:24:16 -0400] "GET / HTTP/1.1" 302 - "-" "Mozilla/5.0 (Windows NT 6.3; WOW64) AppleWebKit/537.36 (KHTML, like Gecko) Chrome/41.0.2272.118 Safari/537.36"
::1 - - [08/Apr/2015:23:24:16 -0400] "GET /xampp/ HTTP/1.1" 302 167 "-" "Mozilla/5.0 (Windows NT 6.3; WOW64) AppleWebKit/537.36 (KHTML, like Gecko) Chrome/41.0.2272.118 Safari/537.36"
::1 - - [08/Apr/2015:23:24:16 -0400] "GET /xampp/splash.php HTTP/1.1" 200 1325 "-" "Mozilla/5.0 (Windows NT 6.3; WOW64) AppleWebKit/537.36 (KHTML, like Gecko) Chrome/41.0.2272.118 Safari/537.36"
::1 - - [08/Apr/2015:23:24:16 -0400] "GET /xampp/img/blank.gif HTTP/1.1" 200 43 "http://localhost/xampp/splash.php" "Mozilla/5.0 (Windows NT 6.3; WOW64) AppleWebKit/537.36 (KHTML, like Gecko) Chrome/41.0.2272.118 Safari/537.36"
::1 - - [08/Apr/2015:23:24:16 -0400] "GET /xampp/xampp.css HTTP/1.1" 200 4178 "http://localhost/xampp/splash.php" "Mozilla/5.0 (Windows NT 6.3; WOW64) AppleWebKit/537.36 (KHTML, like Gecko) Chrome/41.0.2272.118 Safari/537.36"
::1 - - [08/Apr/2015:23:24:16 -0400] "GET /xampp/img/xampp-logo.jpg HTTP/1.1" 200 19738 "http://localhost/xampp/splash.php" "Mozilla/5.0 (Windows NT 6.3; WOW64) AppleWebKit/537.36 (KHTML, like Gecko) Chrome/41.0.2272.118 Safari/537.36"
::1 - - [08/Apr/2015:23:24:17 -0400] "GET /favicon.ico HTTP/1.1" 200 7782 "-" "Mozilla/5.0 (Windows NT 6.3; WOW64) AppleWebKit/537.36 (KHTML, like Gecko) Chrome/41.0.2272.118 Safari/537.36"
::1 - - [08/Apr/2015:23:24:18 -0400] "GET /xampp/lang.php?en HTTP/1.1" 302 - "http://localhost/xampp/splash.php" "Mozilla/5.0 (Windows NT 6.3; WOW64) AppleWebKit/537.36 (KHTML, like Gecko) Chrome/41.0.2272.118 Safari/537.36"
::1 - - [08/Apr/2015:23:24:18 -0400] "GET /xampp/index.php HTTP/1.1" 200 595 "http://localhost/xampp/splash.php" "Mozilla/5.0 (Windows NT 6.3; WOW64) AppleWebKit/537.36 (KHTML, like Gecko) Chrome/41.0.2272.118 Safari/537.36"
::1 - - [08/Apr/2015:23:24:19 -0400] "GET /xampp/head.php HTTP/1.1" 200 1393 "http://localhost/xampp/index.php" "Mozilla/5.0 (Windows NT 6.3; WOW64) AppleWebKit/537.36 (KHTML, like Gecko) Chrome/41.0.2272.118 Safari/537.36"
::1 - - [08/Apr/2015:23:24:19 -0400] "GET /xampp/start.php HTTP/1.1" 200 2710 "http://localhost/xampp/index.php" "Mozilla/5.0 (Windows NT 6.3; WOW64) AppleWebKit/537.36 (KHTML, like Gecko) Chrome/41.0.2272.118 Safari/537.36"
::1 - - [08/Apr/2015:23:24:19 -0400] "GET /xampp/img/xampp-logo-new.gif HTTP/1.1" 200 4878 "http://localhost/xampp/head.php" "Mozilla/5.0 (Windows NT 6.3; WOW64) AppleWebKit/537.36 (KHTML, like Gecko) Chrome/41.0.2272.118 Safari/537.36"
::1 - - [08/Apr/2015:23:24:19 -0400] "GET /xampp/img/head-for.gif HTTP/1.1" 200 791 "http://localhost/xampp/head.php" "Mozilla/5.0 (Windows NT 6.3; WOW64) AppleWebKit/537.36 (KHTML, like Gecko) Chrome/41.0.2272.118 Safari/537.36"
::1 - - [08/Apr/2015:23:24:19 -0400] "GET /xampp/img/head-windows.gif HTTP/1.1" 200 1362 "http://localhost/xampp/head.php" "Mozilla/5.0 (Windows NT 6.3; WOW64) AppleWebKit/537.36 (KHTML, like Gecko) Chrome/41.0.2272.118 Safari/537.36"
::1 - - [08/Apr/2015:23:24:19 -0400] "GET /xampp/navi.php HTTP/1.1" 200 4021 "http://localhost/xampp/index.php" "Mozilla/5.0 (Windows NT 6.3; WOW64) AppleWebKit/537.36 (KHTML, like Gecko) Chrome/41.0.2272.118 Safari/537.36"
::1 - - [08/Apr/2015:23:24:19 -0400] "GET /xampp/img/bitnami-xampp.png HTTP/1.1" 200 22133 "http://localhost/xampp/start.php" "Mozilla/5.0 (Windows NT 6.3; WOW64) AppleWebKit/537.36 (KHTML, like Gecko) Chrome/41.0.2272.118 Safari/537.36"
::1 - - [08/Apr/2015:23:24:19 -0400] "GET /xampp/img/apachefriends.gif HTTP/1.1" 200 979 "http://localhost/xampp/navi.php" "Mozilla/5.0 (Windows NT 6.3; WOW64) AppleWebKit/537.36 (KHTML, like Gecko) Chrome/41.0.2272.118 Safari/537.36"
::1 - - [08/Apr/2015:23:24:19 -0400] "GET /xampp/xampp.js HTTP/1.1" 200 573 "http://localhost/xampp/navi.php" "Mozilla/5.0 (Windows NT 6.3; WOW64) AppleWebKit/537.36 (KHTML, like Gecko) Chrome/41.0.2272.118 Safari/537.36"
::1 - - [08/Apr/2015:23:24:19 -0400] "GET /xampp/img/strichel.gif HTTP/1.1" 200 61 "http://localhost/xampp/navi.php" "Mozilla/5.0 (Windows NT 6.3; WOW64) AppleWebKit/537.36 (KHTML, like Gecko) Chrome/41.0.2272.118 Safari/537.36"
::1 - - [08/Apr/2015:23:24:25 -0400] "GET /phpmyadmin/ HTTP/1.1" 200 49396 "-" "Mozilla/5.0 (Windows NT 6.3; WOW64) AppleWebKit/537.36 (KHTML, like Gecko) Chrome/41.0.2272.118 Safari/537.36"
::1 - - [08/Apr/2015:23:24:25 -0400] "GET /phpmyadmin/js/get_scripts.js.php?token=28f29e879026af7cf4a11562906e10a9&scripts[]=jquery/jquery-1.8.3.min.js&scripts[]=ajax.js&scripts[]=keyhandler.js&scripts[]=jquery/jquery-ui-1.9.2.custom.min.js&scripts[]=jquery/jquery.sprintf.js&scripts[]=jquery/jquery.cookie.js&scripts[]=jquery/jquery.mousewheel.js&scripts[]=jquery/jquery.event.drag-2.2.js&scripts[]=jquery/jquery-ui-timepicker-addon.js&scripts[]=jquery/jquery.ba-hashchange-1.3.js&scripts[]=jquery/jquery.debounce-1.0.5.js&scripts[]=jquery/jquery.menuResizer-1.0.js&scripts[]=cross_framing_protection.js&scripts[]=rte.js&scripts[]=tracekit/tracekit.js&scripts[]=error_report.js&scripts[]=doclinks.js&scripts[]=functions.js&scripts[]=navigation.js&scripts[]=indexes.js&scripts[]=common.js&scripts[]=codemirror/lib/codemirror.js&scripts[]=codemirror/mode/sql/sql.js&scripts[]=codemirror/addon/runmode/runmode.js HTTP/1.1" 200 1048094 "http://localhost/phpmyadmin/" "Mozilla/5.0 (Windows NT 6.3; WOW64) AppleWebKit/537.36 (KHTML, like Gecko) Chrome/41.0.2272.118 Safari/537.36"
::1 - - [08/Apr/2015:23:24:25 -0400] "GET /phpmyadmin/phpmyadmin.css.php?server=1&token=28f29e879026af7cf4a11562906e10a9&nocache=5666715340ltr HTTP/1.1" 200 98150 "http://localhost/phpmyadmin/" "Mozilla/5.0 (Windows NT 6.3; WOW64) AppleWebKit/537.36 (KHTML, like Gecko) Chrome/41.0.2272.118 Safari/537.36"
::1 - - [08/Apr/2015:23:24:25 -0400] "GET /phpmyadmin/js/whitelist.php?lang=en&db=&token=28f29e879026af7cf4a11562906e10a9 HTTP/1.1" 200 2269 "http://localhost/phpmyadmin/" "Mozilla/5.0 (Windows NT 6.3; WOW64) AppleWebKit/537.36 (KHTML, like Gecko) Chrome/41.0.2272.118 Safari/537.36"
::1 - - [08/Apr/2015:23:24:25 -0400] "GET /phpmyadmin/js/messages.php?lang=en&db=&token=28f29e879026af7cf4a11562906e10a9 HTTP/1.1" 200 17825 "http://localhost/phpmyadmin/" "Mozilla/5.0 (Windows NT 6.3; WOW64) AppleWebKit/537.36 (KHTML, like Gecko) Chrome/41.0.2272.118 Safari/537.36"
::1 - - [08/Apr/2015:23:24:26 -0400] "POST /phpmyadmin/db_structure.php?ajax_request=1&favorite_table=1&sync_favorite_tables=1&token=28f29e879026af7cf4a11562906e10a9 HTTP/1.1" 200 168 "http://localhost/phpmyadmin/" "Mozilla/5.0 (Windows NT 6.3; WOW64) AppleWebKit/537.36 (KHTML, like Gecko) Chrome/41.0.2272.118 Safari/537.36"
::1 - - [08/Apr/2015:23:24:26 -0400] "GET /phpmyadmin/version_check.php?&_nocache=1428549866493567269 HTTP/1.1" 200 41 "http://localhost/phpmyadmin/" "Mozilla/5.0 (Windows NT 6.3; WOW64) AppleWebKit/537.36 (KHTML, like Gecko) Chrome/41.0.2272.118 Safari/537.36"
::1 - - [08/Apr/2015:23:25:08 -0400] "GET / HTTP/1.1" 302 - "-" "Mozilla/5.0 (Windows NT 6.3; WOW64) AppleWebKit/537.36 (KHTML, like Gecko) Chrome/41.0.2272.118 Safari/537.36"
::1 - - [08/Apr/2015:23:25:08 -0400] "GET /xampp/ HTTP/1.1" 200 595 "-" "Mozilla/5.0 (Windows NT 6.3; WOW64) AppleWebKit/537.36 (KHTML, like Gecko) Chrome/41.0.2272.118 Safari/537.36"
::1 - - [08/Apr/2015:23:25:08 -0400] "GET /xampp/head.php HTTP/1.1" 200 1393 "http://localhost/xampp/" "Mozilla/5.0 (Windows NT 6.3; WOW64) AppleWebKit/537.36 (KHTML, like Gecko) Chrome/41.0.2272.118 Safari/537.36"
::1 - - [08/Apr/2015:23:25:08 -0400] "GET /xampp/start.php HTTP/1.1" 200 2710 "http://localhost/xampp/" "Mozilla/5.0 (Windows NT 6.3; WOW64) AppleWebKit/537.36 (KHTML, like Gecko) Chrome/41.0.2272.118 Safari/537.36"
::1 - - [08/Apr/2015:23:25:08 -0400] "GET /xampp/navi.php HTTP/1.1" 200 4021 "http://localhost/xampp/" "Mozilla/5.0 (Windows NT 6.3; WOW64) AppleWebKit/537.36 (KHTML, like Gecko) Chrome/41.0.2272.118 Safari/537.36"
::1 - - [08/Apr/2015:23:25:19 -0400] "GET /xampp/manuals.php HTTP/1.1" 200 1460 "http://localhost/xampp/navi.php" "Mozilla/5.0 (Windows NT 6.3; WOW64) AppleWebKit/537.36 (KHTML, like Gecko) Chrome/41.0.2272.118 Safari/537.36"
::1 - - [08/Apr/2015:23:25:58 -0400] "GET /xampp/start.php HTTP/1.1" 200 2710 "http://localhost/xampp/navi.php" "Mozilla/5.0 (Windows NT 6.3; WOW64) AppleWebKit/537.36 (KHTML, like Gecko) Chrome/41.0.2272.118 Safari/537.36"
::1 - - [08/Apr/2015:23:25:59 -0400] "GET /xampp/components.php HTTP/1.1" 200 1559 "http://localhost/xampp/navi.php" "Mozilla/5.0 (Windows NT 6.3; WOW64) AppleWebKit/537.36 (KHTML, like Gecko) Chrome/41.0.2272.118 Safari/537.36"
::1 - - [08/Apr/2015:23:26:07 -0400] "GET /xampp/manuals.php HTTP/1.1" 200 1460 "http://localhost/xampp/navi.php" "Mozilla/5.0 (Windows NT 6.3; WOW64) AppleWebKit/537.36 (KHTML, like Gecko) Chrome/41.0.2272.118 Safari/537.36"
::1 - - [08/Apr/2015:23:26:09 -0400] "GET /xampp/iart.php HTTP/1.1" 200 823 "http://localhost/xampp/navi.php" "Mozilla/5.0 (Windows NT 6.3; WOW64) AppleWebKit/537.36 (KHTML, like Gecko) Chrome/41.0.2272.118 Safari/537.36"
::1 - - [08/Apr/2015:23:26:09 -0400] "GET /xampp/iart.php?img=1&text=ceci+n+est+pas+un+ami+d+apache HTTP/1.1" 200 15286 "http://localhost/xampp/iart.php" "Mozilla/5.0 (Windows NT 6.3; WOW64) AppleWebKit/537.36 (KHTML, like Gecko) Chrome/41.0.2272.118 Safari/537.36"
::1 - - [08/Apr/2015:23:26:11 -0400] "GET /xampp/phonebook.php HTTP/1.1" 200 1213 "http://localhost/xampp/navi.php" "Mozilla/5.0 (Windows NT 6.3; WOW64) AppleWebKit/537.36 (KHTML, like Gecko) Chrome/41.0.2272.118 Safari/537.36"
::1 - - [08/Apr/2015:23:26:18 -0400] "GET /xampp/cds.php HTTP/1.1" 200 2737 "http://localhost/xampp/navi.php" "Mozilla/5.0 (Windows NT 6.3; WOW64) AppleWebKit/537.36 (KHTML, like Gecko) Chrome/41.0.2272.118 Safari/537.36"
::1 - - [08/Apr/2015:23:26:23 -0400] "GET /xampp/guestbook-en.pl HTTP/1.1" 200 1966 "http://localhost/xampp/navi.php" "Mozilla/5.0 (Windows NT 6.3; WOW64) AppleWebKit/537.36 (KHTML, like Gecko) Chrome/41.0.2272.118 Safari/537.36"
::1 - - [08/Apr/2015:23:26:26 -0400] "GET /xampp/filezilla.php HTTP/1.1" 200 1890 "http://localhost/xampp/navi.php" "Mozilla/5.0 (Windows NT 6.3; WOW64) AppleWebKit/537.36 (KHTML, like Gecko) Chrome/41.0.2272.118 Safari/537.36"
::1 - - [08/Apr/2015:23:26:26 -0400] "GET /xampp/img/filezilla-panel.gif HTTP/1.1" 200 22871 "http://localhost/xampp/filezilla.php" "Mozilla/5.0 (Windows NT 6.3; WOW64) AppleWebKit/537.36 (KHTML, like Gecko) Chrome/41.0.2272.118 Safari/537.36"
::1 - - [08/Apr/2015:23:26:26 -0400] "GET /xampp/img/cp-filezilla-login.gif HTTP/1.1" 200 67564 "http://localhost/xampp/filezilla.php" "Mozilla/5.0 (Windows NT 6.3; WOW64) AppleWebKit/537.36 (KHTML, like Gecko) Chrome/41.0.2272.118 Safari/537.36"
::1 - - [08/Apr/2015:23:26:22 -0400] "GET /xampp/perlinfo.pl HTTP/1.1" 200 868305 "http://localhost/xampp/navi.php" "Mozilla/5.0 (Windows NT 6.3; WOW64) AppleWebKit/537.36 (KHTML, like Gecko) Chrome/41.0.2272.118 Safari/537.36"
::1 - - [08/Apr/2015:23:26:36 -0400] "GET /xampp/manuals.php HTTP/1.1" 200 1460 "http://localhost/xampp/navi.php" "Mozilla/5.0 (Windows NT 6.3; WOW64) AppleWebKit/537.36 (KHTML, like Gecko) Chrome/41.0.2272.118 Safari/537.36"
::1 - - [08/Apr/2015:23:26:41 -0400] "GET /xampp/start.php HTTP/1.1" 200 2710 "http://localhost/xampp/navi.php" "Mozilla/5.0 (Windows NT 6.3; WOW64) AppleWebKit/537.36 (KHTML, like Gecko) Chrome/41.0.2272.118 Safari/537.36"
::1 - - [08/Apr/2015:23:26:48 -0400] "GET /dashboard HTTP/1.1" 301 334 "http://localhost/xampp/start.php" "Mozilla/5.0 (Windows NT 6.3; WOW64) AppleWebKit/537.36 (KHTML, like Gecko) Chrome/41.0.2272.118 Safari/537.36"
::1 - - [08/Apr/2015:23:26:48 -0400] "GET /dashboard/ HTTP/1.1" 200 9380 "http://localhost/xampp/start.php" "Mozilla/5.0 (Windows NT 6.3; WOW64) AppleWebKit/537.36 (KHTML, like Gecko) Chrome/41.0.2272.118 Safari/537.36"
::1 - - [08/Apr/2015:23:26:48 -0400] "GET /dashboard/images/flags/en.png HTTP/1.1" 200 609 "http://localhost/dashboard/" "Mozilla/5.0 (Windows NT 6.3; WOW64) AppleWebKit/537.36 (KHTML, like Gecko) Chrome/41.0.2272.118 Safari/537.36"
::1 - - [08/Apr/2015:23:26:48 -0400] "GET /dashboard/stylesheets/normalize.css HTTP/1.1" 200 6876 "http://localhost/dashboard/" "Mozilla/5.0 (Windows NT 6.3; WOW64) AppleWebKit/537.36 (KHTML, like Gecko) Chrome/41.0.2272.118 Safari/537.36"
::1 - - [08/Apr/2015:23:26:48 -0400] "GET /dashboard/images/flags/de.png HTTP/1.1" 200 545 "http://localhost/dashboard/" "Mozilla/5.0 (Windows NT 6.3; WOW64) AppleWebKit/537.36 (KHTML, like Gecko) Chrome/41.0.2272.118 Safari/537.36"
::1 - - [08/Apr/2015:23:26:48 -0400] "GET /dashboard/images/flags/es.png HTTP/1.1" 200 469 "http://localhost/dashboard/" "Mozilla/5.0 (Windows NT 6.3; WOW64) AppleWebKit/537.36 (KHTML, like Gecko) Chrome/41.0.2272.118 Safari/537.36"
::1 - - [08/Apr/2015:23:26:48 -0400] "GET /dashboard/javascripts/modernizr.js HTTP/1.1" 200 51365 "http://localhost/dashboard/" "Mozilla/5.0 (Windows NT 6.3; WOW64) AppleWebKit/537.36 (KHTML, like Gecko) Chrome/41.0.2272.118 Safari/537.36"
::1 - - [08/Apr/2015:23:26:48 -0400] "GET /dashboard/images/flags/fr.png HTTP/1.1" 200 545 "http://localhost/dashboard/" "Mozilla/5.0 (Windows NT 6.3; WOW64) AppleWebKit/537.36 (KHTML, like Gecko) Chrome/41.0.2272.118 Safari/537.36"
::1 - - [08/Apr/2015:23:26:48 -0400] "GET /dashboard/stylesheets/all.css HTTP/1.1" 200 488544 "http://localhost/dashboard/" "Mozilla/5.0 (Windows NT 6.3; WOW64) AppleWebKit/537.36 (KHTML, like Gecko) Chrome/41.0.2272.118 Safari/537.36"
::1 - - [08/Apr/2015:23:26:48 -0400] "GET /dashboard/javascripts/all.js HTTP/1.1" 200 189003 "http://localhost/dashboard/" "Mozilla/5.0 (Windows NT 6.3; WOW64) AppleWebKit/537.36 (KHTML, like Gecko) Chrome/41.0.2272.118 Safari/537.36"
::1 - - [08/Apr/2015:23:26:48 -0400] "GET /dashboard/images/flags/hu.png HTTP/1.1" 200 432 "http://localhost/dashboard/" "Mozilla/5.0 (Windows NT 6.3; WOW64) AppleWebKit/537.36 (KHTML, like Gecko) Chrome/41.0.2272.118 Safari/537.36"
::1 - - [08/Apr/2015:23:26:48 -0400] "GET /dashboard/images/flags/it.png HTTP/1.1" 200 420 "http://localhost/dashboard/" "Mozilla/5.0 (Windows NT 6.3; WOW64) AppleWebKit/537.36 (KHTML, like Gecko) Chrome/41.0.2272.118 Safari/537.36"
::1 - - [08/Apr/2015:23:26:48 -0400] "GET /dashboard/images/flags/ru.png HTTP/1.1" 200 420 "http://localhost/dashboard/" "Mozilla/5.0 (Windows NT 6.3; WOW64) AppleWebKit/537.36 (KHTML, like Gecko) Chrome/41.0.2272.118 Safari/537.36"
::1 - - [08/Apr/2015:23:26:48 -0400] "GET /dashboard/images/flags/jp.png HTTP/1.1" 200 420 "http://localhost/dashboard/" "Mozilla/5.0 (Windows NT 6.3; WOW64) AppleWebKit/537.36 (KHTML, like Gecko) Chrome/41.0.2272.118 Safari/537.36"
::1 - - [08/Apr/2015:23:26:48 -0400] "GET /dashboard/images/flags/pl.png HTTP/1.1" 200 374 "http://localhost/dashboard/" "Mozilla/5.0 (Windows NT 6.3; WOW64) AppleWebKit/537.36 (KHTML, like Gecko) Chrome/41.0.2272.118 Safari/537.36"
::1 - - [08/Apr/2015:23:26:48 -0400] "GET /dashboard/images/flags/zh_cn.png HTTP/1.1" 200 472 "http://localhost/dashboard/" "Mozilla/5.0 (Windows NT 6.3; WOW64) AppleWebKit/537.36 (KHTML, like Gecko) Chrome/41.0.2272.118 Safari/537.36"
::1 - - [08/Apr/2015:23:26:48 -0400] "GET /dashboard/images/flags/tr.png HTTP/1.1" 200 492 "http://localhost/dashboard/" "Mozilla/5.0 (Windows NT 6.3; WOW64) AppleWebKit/537.36 (KHTML, like Gecko) Chrome/41.0.2272.118 Safari/537.36"
::1 - - [08/Apr/2015:23:26:48 -0400] "GET /dashboard/images/flags/ur.png HTTP/1.1" 200 569 "http://localhost/dashboard/" "Mozilla/5.0 (Windows NT 6.3; WOW64) AppleWebKit/537.36 (KHTML, like Gecko) Chrome/41.0.2272.118 Safari/537.36"
::1 - - [08/Apr/2015:23:26:48 -0400] "GET /dashboard/images/flags/pt_br.png HTTP/1.1" 200 729 "http://localhost/dashboard/" "Mozilla/5.0 (Windows NT 6.3; WOW64) AppleWebKit/537.36 (KHTML, like Gecko) Chrome/41.0.2272.118 Safari/537.36"
::1 - - [08/Apr/2015:23:26:48 -0400] "GET /dashboard/images/flags/ro.png HTTP/1.1" 200 495 "http://localhost/dashboard/" "Mozilla/5.0 (Windows NT 6.3; WOW64) AppleWebKit/537.36 (KHTML, like Gecko) Chrome/41.0.2272.118 Safari/537.36"
::1 - - [08/Apr/2015:23:26:48 -0400] "GET /dashboard/images/flags/zh_tw.png HTTP/1.1" 200 465 "http://localhost/dashboard/" "Mozilla/5.0 (Windows NT 6.3; WOW64) AppleWebKit/537.36 (KHTML, like Gecko) Chrome/41.0.2272.118 Safari/537.36"
::1 - - [08/Apr/2015:23:26:48 -0400] "GET /dashboard/images/bitnami-xampp.png HTTP/1.1" 200 22133 "http://localhost/dashboard/" "Mozilla/5.0 (Windows NT 6.3; WOW64) AppleWebKit/537.36 (KHTML, like Gecko) Chrome/41.0.2272.118 Safari/537.36"
::1 - - [08/Apr/2015:23:26:48 -0400] "GET /dashboard/images/xampp-logo.svg HTTP/1.1" 200 5427 "http://localhost/dashboard/" "Mozilla/5.0 (Windows NT 6.3; WOW64) AppleWebKit/537.36 (KHTML, like Gecko) Chrome/41.0.2272.118 Safari/537.36"
::1 - - [08/Apr/2015:23:26:48 -0400] "GET /dashboard/images/social-icons.png HTTP/1.1" 200 3361 "http://localhost/dashboard/stylesheets/all.css" "Mozilla/5.0 (Windows NT 6.3; WOW64) AppleWebKit/537.36 (KHTML, like Gecko) Chrome/41.0.2272.118 Safari/537.36"
::1 - - [08/Apr/2015:23:26:48 -0400] "GET /dashboard/images/favicon.png HTTP/1.1" 200 2508 "-" "Mozilla/5.0 (Windows NT 6.3; WOW64) AppleWebKit/537.36 (KHTML, like Gecko) Chrome/41.0.2272.118 Safari/537.36"
::1 - - [08/Apr/2015:23:26:56 -0400] "GET /dashboard/howto.html HTTP/1.1" 200 7450 "http://localhost/dashboard/" "Mozilla/5.0 (Windows NT 6.3; WOW64) AppleWebKit/537.36 (KHTML, like Gecko) Chrome/41.0.2272.118 Safari/537.36"
::1 - - [08/Apr/2015:23:27:12 -0400] "GET /dashboard/docs/configure-vhosts.html HTTP/1.1" 200 10276 "http://localhost/dashboard/howto.html" "Mozilla/5.0 (Windows NT 6.3; WOW64) AppleWebKit/537.36 (KHTML, like Gecko) Chrome/41.0.2272.118 Safari/537.36"
::1 - - [08/Apr/2015:23:27:12 -0400] "GET /dashboard/docs/images/configure-vhosts/image1.png HTTP/1.1" 200 7455 "http://localhost/dashboard/docs/configure-vhosts.html" "Mozilla/5.0 (Windows NT 6.3; WOW64) AppleWebKit/537.36 (KHTML, like Gecko) Chrome/41.0.2272.118 Safari/537.36"
::1 - - [08/Apr/2015:23:27:12 -0400] "GET /dashboard/docs/images/configure-vhosts/image2.png HTTP/1.1" 200 25737 "http://localhost/dashboard/docs/configure-vhosts.html" "Mozilla/5.0 (Windows NT 6.3; WOW64) AppleWebKit/537.36 (KHTML, like Gecko) Chrome/41.0.2272.118 Safari/537.36"
::1 - - [08/Apr/2015:23:27:12 -0400] "GET /dashboard/docs/images/configure-vhosts/image4.png HTTP/1.1" 200 29938 "http://localhost/dashboard/docs/configure-vhosts.html" "Mozilla/5.0 (Windows NT 6.3; WOW64) AppleWebKit/537.36 (KHTML, like Gecko) Chrome/41.0.2272.118 Safari/537.36"
::1 - - [08/Apr/2015:23:27:12 -0400] "GET /dashboard/docs/images/configure-vhosts/image3.png HTTP/1.1" 200 4534 "http://localhost/dashboard/docs/configure-vhosts.html" "Mozilla/5.0 (Windows NT 6.3; WOW64) AppleWebKit/537.36 (KHTML, like Gecko) Chrome/41.0.2272.118 Safari/537.36"
::1 - - [08/Apr/2015:23:27:12 -0400] "GET /dashboard/images/pdf-icon.png HTTP/1.1" 200 3778 "http://localhost/dashboard/stylesheets/all.css" "Mozilla/5.0 (Windows NT 6.3; WOW64) AppleWebKit/537.36 (KHTML, like Gecko) Chrome/41.0.2272.118 Safari/537.36"
::1 - - [08/Apr/2015:23:27:25 -0400] "GET /dashboard/docs/install-wordpress.html HTTP/1.1" 200 18669 "http://localhost/dashboard/howto.html" "Mozilla/5.0 (Windows NT 6.3; WOW64) AppleWebKit/537.36 (KHTML, like Gecko) Chrome/41.0.2272.118 Safari/537.36"
::1 - - [08/Apr/2015:23:27:25 -0400] "GET /dashboard/docs/images/install-wordpress/image02.png HTTP/1.1" 200 2325 "http://localhost/dashboard/docs/install-wordpress.html" "Mozilla/5.0 (Windows NT 6.3; WOW64) AppleWebKit/537.36 (KHTML, like Gecko) Chrome/41.0.2272.118 Safari/537.36"
::1 - - [08/Apr/2015:23:27:25 -0400] "GET /dashboard/docs/images/install-wordpress/image11.png HTTP/1.1" 200 10183 "http://localhost/dashboard/docs/install-wordpress.html" "Mozilla/5.0 (Windows NT 6.3; WOW64) AppleWebKit/537.36 (KHTML, like Gecko) Chrome/41.0.2272.118 Safari/537.36"
::1 - - [08/Apr/2015:23:27:25 -0400] "GET /dashboard/docs/images/install-wordpress/image01.png HTTP/1.1" 200 36859 "http://localhost/dashboard/docs/install-wordpress.html" "Mozilla/5.0 (Windows NT 6.3; WOW64) AppleWebKit/537.36 (KHTML, like Gecko) Chrome/41.0.2272.118 Safari/537.36"
::1 - - [08/Apr/2015:23:27:25 -0400] "GET /dashboard/docs/images/install-wordpress/image12.png HTTP/1.1" 200 23996 "http://localhost/dashboard/docs/install-wordpress.html" "Mozilla/5.0 (Windows NT 6.3; WOW64) AppleWebKit/537.36 (KHTML, like Gecko) Chrome/41.0.2272.118 Safari/537.36"
::1 - - [08/Apr/2015:23:27:25 -0400] "GET /dashboard/docs/images/install-wordpress/image14.png HTTP/1.1" 200 14233 "http://localhost/dashboard/docs/install-wordpress.html" "Mozilla/5.0 (Windows NT 6.3; WOW64) AppleWebKit/537.36 (KHTML, like Gecko) Chrome/41.0.2272.118 Safari/537.36"
::1 - - [08/Apr/2015:23:27:25 -0400] "GET /dashboard/docs/images/install-wordpress/image13.png HTTP/1.1" 200 14788 "http://localhost/dashboard/docs/install-wordpress.html" "Mozilla/5.0 (Windows NT 6.3; WOW64) AppleWebKit/537.36 (KHTML, like Gecko) Chrome/41.0.2272.118 Safari/537.36"
::1 - - [08/Apr/2015:23:27:25 -0400] "GET /dashboard/docs/images/install-wordpress/image16.png HTTP/1.1" 200 13267 "http://localhost/dashboard/docs/install-wordpress.html" "Mozilla/5.0 (Windows NT 6.3; WOW64) AppleWebKit/537.36 (KHTML, like Gecko) Chrome/41.0.2272.118 Safari/537.36"
::1 - - [08/Apr/2015:23:27:25 -0400] "GET /dashboard/docs/images/install-wordpress/image15.png HTTP/1.1" 200 9563 "http://localhost/dashboard/docs/install-wordpress.html" "Mozilla/5.0 (Windows NT 6.3; WOW64) AppleWebKit/537.36 (KHTML, like Gecko) Chrome/41.0.2272.118 Safari/537.36"
::1 - - [08/Apr/2015:23:27:25 -0400] "GET /dashboard/docs/images/install-wordpress/image18.png HTTP/1.1" 200 15263 "http://localhost/dashboard/docs/install-wordpress.html" "Mozilla/5.0 (Windows NT 6.3; WOW64) AppleWebKit/537.36 (KHTML, like Gecko) Chrome/41.0.2272.118 Safari/537.36"
::1 - - [08/Apr/2015:23:27:25 -0400] "GET /dashboard/docs/images/install-wordpress/image17.png HTTP/1.1" 200 14599 "http://localhost/dashboard/docs/install-wordpress.html" "Mozilla/5.0 (Windows NT 6.3; WOW64) AppleWebKit/537.36 (KHTML, like Gecko) Chrome/41.0.2272.118 Safari/537.36"
::1 - - [08/Apr/2015:23:27:25 -0400] "GET /dashboard/docs/images/install-wordpress/image110.png HTTP/1.1" 200 24793 "http://localhost/dashboard/docs/install-wordpress.html" "Mozilla/5.0 (Windows NT 6.3; WOW64) AppleWebKit/537.36 (KHTML, like Gecko) Chrome/41.0.2272.118 Safari/537.36"
::1 - - [08/Apr/2015:23:27:25 -0400] "GET /dashboard/docs/images/install-wordpress/image19.png HTTP/1.1" 200 40175 "http://localhost/dashboard/docs/install-wordpress.html" "Mozilla/5.0 (Windows NT 6.3; WOW64) AppleWebKit/537.36 (KHTML, like Gecko) Chrome/41.0.2272.118 Safari/537.36"
::1 - - [08/Apr/2015:23:27:25 -0400] "GET /dashboard/docs/images/install-wordpress/image22.png HTTP/1.1" 200 16506 "http://localhost/dashboard/docs/install-wordpress.html" "Mozilla/5.0 (Windows NT 6.3; WOW64) AppleWebKit/537.36 (KHTML, like Gecko) Chrome/41.0.2272.118 Safari/537.36"
::1 - - [08/Apr/2015:23:27:25 -0400] "GET /dashboard/docs/images/install-wordpress/image21.png HTTP/1.1" 200 40221 "http://localhost/dashboard/docs/install-wordpress.html" "Mozilla/5.0 (Windows NT 6.3; WOW64) AppleWebKit/537.36 (KHTML, like Gecko) Chrome/41.0.2272.118 Safari/537.36"
::1 - - [08/Apr/2015:23:27:25 -0400] "GET /dashboard/docs/images/install-wordpress/image31.png HTTP/1.1" 200 19472 "http://localhost/dashboard/docs/install-wordpress.html" "Mozilla/5.0 (Windows NT 6.3; WOW64) AppleWebKit/537.36 (KHTML, like Gecko) Chrome/41.0.2272.118 Safari/537.36"
::1 - - [08/Apr/2015:23:27:25 -0400] "GET /dashboard/docs/images/install-wordpress/image32.png HTTP/1.1" 200 40873 "http://localhost/dashboard/docs/install-wordpress.html" "Mozilla/5.0 (Windows NT 6.3; WOW64) AppleWebKit/537.36 (KHTML, like Gecko) Chrome/41.0.2272.118 Safari/537.36"
::1 - - [08/Apr/2015:23:27:25 -0400] "GET /dashboard/docs/images/install-wordpress/image24.png HTTP/1.1" 200 30652 "http://localhost/dashboard/docs/install-wordpress.html" "Mozilla/5.0 (Windows NT 6.3; WOW64) AppleWebKit/537.36 (KHTML, like Gecko) Chrome/41.0.2272.118 Safari/537.36"
::1 - - [08/Apr/2015:23:27:25 -0400] "GET /dashboard/docs/images/install-wordpress/image23.png HTTP/1.1" 200 12062 "http://localhost/dashboard/docs/install-wordpress.html" "Mozilla/5.0 (Windows NT 6.3; WOW64) AppleWebKit/537.36 (KHTML, like Gecko) Chrome/41.0.2272.118 Safari/537.36"
::1 - - [08/Apr/2015:23:27:25 -0400] "GET /dashboard/docs/images/install-wordpress/image33.png HTTP/1.1" 200 13970 "http://localhost/dashboard/docs/install-wordpress.html" "Mozilla/5.0 (Windows NT 6.3; WOW64) AppleWebKit/537.36 (KHTML, like Gecko) Chrome/41.0.2272.118 Safari/537.36"
::1 - - [08/Apr/2015:23:27:25 -0400] "GET /dashboard/docs/images/install-wordpress/image34.png HTTP/1.1" 200 9358 "http://localhost/dashboard/docs/install-wordpress.html" "Mozilla/5.0 (Windows NT 6.3; WOW64) AppleWebKit/537.36 (KHTML, like Gecko) Chrome/41.0.2272.118 Safari/537.36"
::1 - - [08/Apr/2015:23:27:25 -0400] "GET /dashboard/docs/images/install-wordpress/image37.png HTTP/1.1" 200 5329 "http://localhost/dashboard/docs/install-wordpress.html" "Mozilla/5.0 (Windows NT 6.3; WOW64) AppleWebKit/537.36 (KHTML, like Gecko) Chrome/41.0.2272.118 Safari/537.36"
::1 - - [08/Apr/2015:23:27:25 -0400] "GET /dashboard/docs/images/install-wordpress/image36.png HTTP/1.1" 200 15161 "http://localhost/dashboard/docs/install-wordpress.html" "Mozilla/5.0 (Windows NT 6.3; WOW64) AppleWebKit/537.36 (KHTML, like Gecko) Chrome/41.0.2272.118 Safari/537.36"
::1 - - [08/Apr/2015:23:27:25 -0400] "GET /dashboard/docs/images/install-wordpress/image35.png HTTP/1.1" 200 36273 "http://localhost/dashboard/docs/install-wordpress.html" "Mozilla/5.0 (Windows NT 6.3; WOW64) AppleWebKit/537.36 (KHTML, like Gecko) Chrome/41.0.2272.118 Safari/537.36"
127.0.0.1 - - [08/Apr/2015:23:27:35 -0400] "GET /xampp/php.php HTTP/1.0" 200 2 "-" "-"
127.0.0.1 - - [08/Apr/2015:23:27:35 -0400] "GET /xampp/mysql.php HTTP/1.0" 200 2 "-" "-"
127.0.0.1 - - [08/Apr/2015:23:27:35 -0400] "GET /cgi-bin/cgi.cgi HTTP/1.0" 200 2 "-" "-"
127.0.0.1 - - [08/Apr/2015:23:27:35 -0400] "GET /xampp/ssi.shtml HTTP/1.0" 200 6 "-" "-"
::1 - - [08/Apr/2015:23:27:35 -0400] "GET /xampp/status.php HTTP/1.1" 200 4188 "http://localhost/xampp/navi.php" "Mozilla/5.0 (Windows NT 6.3; WOW64) AppleWebKit/537.36 (KHTML, like Gecko) Chrome/41.0.2272.118 Safari/537.36"
::1 - - [08/Apr/2015:23:27:44 -0400] "GET /applications.html HTTP/1.1" 200 1441 "http://localhost/xampp/navi.php" "Mozilla/5.0 (Windows NT 6.3; WOW64) AppleWebKit/537.36 (KHTML, like Gecko) Chrome/41.0.2272.118 Safari/537.36"
::1 - - [08/Apr/2015:23:27:44 -0400] "GET /bitnami.css HTTP/1.1" 200 2142 "http://localhost/applications.html" "Mozilla/5.0 (Windows NT 6.3; WOW64) AppleWebKit/537.36 (KHTML, like Gecko) Chrome/41.0.2272.118 Safari/537.36"
::1 - - [08/Apr/2015:23:27:47 -0400] "GET /xampp/components.php HTTP/1.1" 200 1559 "http://localhost/xampp/navi.php" "Mozilla/5.0 (Windows NT 6.3; WOW64) AppleWebKit/537.36 (KHTML, like Gecko) Chrome/41.0.2272.118 Safari/537.36"
::1 - - [08/Apr/2015:23:27:57 -0400] "GET /xampp/manuals.php HTTP/1.1" 200 1460 "http://localhost/xampp/navi.php" "Mozilla/5.0 (Windows NT 6.3; WOW64) AppleWebKit/537.36 (KHTML, like Gecko) Chrome/41.0.2272.118 Safari/537.36"
::1 - - [08/Apr/2015:23:32:00 -0400] "GET / HTTP/1.1" 200 206 "-" "Mozilla/5.0 (Windows NT 6.3; WOW64) AppleWebKit/537.36 (KHTML, like Gecko) Chrome/41.0.2272.118 Safari/537.36"
::1 - - [08/Apr/2015:23:32:12 -0400] "GET /phpmyadmin/ HTTP/1.1" 200 49396 "-" "Mozilla/5.0 (Windows NT 6.3; WOW64) AppleWebKit/537.36 (KHTML, like Gecko) Chrome/41.0.2272.118 Safari/537.36"
::1 - - [08/Apr/2015:23:32:13 -0400] "GET /phpmyadmin/js/get_scripts.js.php?token=388fbadb0e546bd79b666139269bd67c&scripts[]=jquery/jquery-1.8.3.min.js&scripts[]=ajax.js&scripts[]=keyhandler.js&scripts[]=jquery/jquery-ui-1.9.2.custom.min.js&scripts[]=jquery/jquery.sprintf.js&scripts[]=jquery/jquery.cookie.js&scripts[]=jquery/jquery.mousewheel.js&scripts[]=jquery/jquery.event.drag-2.2.js&scripts[]=jquery/jquery-ui-timepicker-addon.js&scripts[]=jquery/jquery.ba-hashchange-1.3.js&scripts[]=jquery/jquery.debounce-1.0.5.js&scripts[]=jquery/jquery.menuResizer-1.0.js&scripts[]=cross_framing_protection.js&scripts[]=rte.js&scripts[]=tracekit/tracekit.js&scripts[]=error_report.js&scripts[]=doclinks.js&scripts[]=functions.js&scripts[]=navigation.js&scripts[]=indexes.js&scripts[]=common.js&scripts[]=codemirror/lib/codemirror.js&scripts[]=codemirror/mode/sql/sql.js&scripts[]=codemirror/addon/runmode/runmode.js HTTP/1.1" 200 1048094 "http://localhost/phpmyadmin/" "Mozilla/5.0 (Windows NT 6.3; WOW64) AppleWebKit/537.36 (KHTML, like Gecko) Chrome/41.0.2272.118 Safari/537.36"
::1 - - [08/Apr/2015:23:32:13 -0400] "GET /phpmyadmin/phpmyadmin.css.php?server=1&token=388fbadb0e546bd79b666139269bd67c&nocache=5666715340ltr HTTP/1.1" 200 98150 "http://localhost/phpmyadmin/" "Mozilla/5.0 (Windows NT 6.3; WOW64) AppleWebKit/537.36 (KHTML, like Gecko) Chrome/41.0.2272.118 Safari/537.36"
::1 - - [08/Apr/2015:23:32:13 -0400] "GET /phpmyadmin/js/whitelist.php?lang=en&db=&token=388fbadb0e546bd79b666139269bd67c HTTP/1.1" 200 2269 "http://localhost/phpmyadmin/" "Mozilla/5.0 (Windows NT 6.3; WOW64) AppleWebKit/537.36 (KHTML, like Gecko) Chrome/41.0.2272.118 Safari/537.36"
::1 - - [08/Apr/2015:23:32:13 -0400] "GET /phpmyadmin/js/messages.php?lang=en&db=&token=388fbadb0e546bd79b666139269bd67c HTTP/1.1" 200 17825 "http://localhost/phpmyadmin/" "Mozilla/5.0 (Windows NT 6.3; WOW64) AppleWebKit/537.36 (KHTML, like Gecko) Chrome/41.0.2272.118 Safari/537.36"
::1 - - [08/Apr/2015:23:32:13 -0400] "POST /phpmyadmin/db_structure.php?ajax_request=1&favorite_table=1&sync_favorite_tables=1&token=388fbadb0e546bd79b666139269bd67c HTTP/1.1" 200 168 "http://localhost/phpmyadmin/" "Mozilla/5.0 (Windows NT 6.3; WOW64) AppleWebKit/537.36 (KHTML, like Gecko) Chrome/41.0.2272.118 Safari/537.36"
::1 - - [08/Apr/2015:23:32:13 -0400] "GET /phpmyadmin/version_check.php?&_nocache=1428550333386474307 HTTP/1.1" 200 41 "http://localhost/phpmyadmin/" "Mozilla/5.0 (Windows NT 6.3; WOW64) AppleWebKit/537.36 (KHTML, like Gecko) Chrome/41.0.2272.118 Safari/537.36"
::1 - - [08/Apr/2015:23:33:21 -0400] "GET /phpmyadmin/db_structure.php?server=1&db=cdcol&token=388fbadb0e546bd79b666139269bd67c&ajax_request=true&ajax_page_request=true&menuHashes=314dee93&_nocache=1428550401054164245 HTTP/1.1" 200 13281 "http://localhost/phpmyadmin/" "Mozilla/5.0 (Windows NT 6.3; WOW64) AppleWebKit/537.36 (KHTML, like Gecko) Chrome/41.0.2272.118 Safari/537.36"
::1 - - [08/Apr/2015:23:33:21 -0400] "GET /phpmyadmin/js/get_scripts.js.php?scripts[]=db_structure.js&scripts[]=tbl_change.js&token=388fbadb0e546bd79b666139269bd67c&call_done=1 HTTP/1.1" 200 43125 "http://localhost/phpmyadmin/" "Mozilla/5.0 (Windows NT 6.3; WOW64) AppleWebKit/537.36 (KHTML, like Gecko) Chrome/41.0.2272.118 Safari/537.36"
::1 - - [08/Apr/2015:23:33:21 -0400] "GET /phpmyadmin/themes/pmahomme/img/arrow_ltr.png HTTP/1.1" 200 139 "http://localhost/phpmyadmin/" "Mozilla/5.0 (Windows NT 6.3; WOW64) AppleWebKit/537.36 (KHTML, like Gecko) Chrome/41.0.2272.118 Safari/537.36"
::1 - - [08/Apr/2015:23:33:21 -0400] "GET /phpmyadmin/navigation.php?ajax_request=1&token=388fbadb0e546bd79b666139269bd67c&aPath=cm9vdA%3D%3D.Y2Rjb2w%3D&vPath=cm9vdA%3D%3D.Y2Rjb2w%3D&pos=0&pos2_name=&pos2_value=&searchClause=&searchClause2=&_nocache=1428550401250325960 HTTP/1.1" 200 1755 "http://localhost/phpmyadmin/" "Mozilla/5.0 (Windows NT 6.3; WOW64) AppleWebKit/537.36 (KHTML, like Gecko) Chrome/41.0.2272.118 Safari/537.36"
::1 - - [08/Apr/2015:23:33:23 -0400] "GET /phpmyadmin/navigation.php?ajax_request=1&token=388fbadb0e546bd79b666139269bd67c&aPath=cm9vdA%3D%3D.Y2Rjb2w%3D.dGFibGVz.Y2Rz&vPath=cm9vdA%3D%3D.Y2Rjb2w%3D.VGFibGVz.Y2Rz&pos=0&pos2_name=tables&pos2_value=0&searchClause=&searchClause2=&_nocache=142855040313472466 HTTP/1.1" 200 3660 "http://localhost/phpmyadmin/" "Mozilla/5.0 (Windows NT 6.3; WOW64) AppleWebKit/537.36 (KHTML, like Gecko) Chrome/41.0.2272.118 Safari/537.36"
::1 - - [08/Apr/2015:23:33:24 -0400] "GET /phpmyadmin/navigation.php?ajax_request=1&token=388fbadb0e546bd79b666139269bd67c&aPath=cm9vdA%3D%3D.Y2Rjb2w%3D.dGFibGVz.Y2Rz.Y29sdW1ucw%3D%3D&vPath=cm9vdA%3D%3D.Y2Rjb2w%3D.VGFibGVz.Y2Rz.Q29sdW1ucw%3D%3D&pos=0&pos2_name=tables&pos2_value=0&searchClause=&searchClause2=&_nocache=1428550404613615412 HTTP/1.1" 200 3535 "http://localhost/phpmyadmin/" "Mozilla/5.0 (Windows NT 6.3; WOW64) AppleWebKit/537.36 (KHTML, like Gecko) Chrome/41.0.2272.118 Safari/537.36"
::1 - - [08/Apr/2015:23:33:25 -0400] "GET /phpmyadmin/sql.php?server=1&db=cdcol&table=cds&pos=0&token=388fbadb0e546bd79b666139269bd67c&ajax_request=true&ajax_page_request=true&menuHashes=314dee93-993e3be8&_nocache=1428550405376721996 HTTP/1.1" 200 28697 "http://localhost/phpmyadmin/" "Mozilla/5.0 (Windows NT 6.3; WOW64) AppleWebKit/537.36 (KHTML, like Gecko) Chrome/41.0.2272.118 Safari/537.36"
::1 - - [08/Apr/2015:23:33:25 -0400] "GET /phpmyadmin/themes/pmahomme/img/s_fulltext.png HTTP/1.1" 200 193 "http://localhost/phpmyadmin/" "Mozilla/5.0 (Windows NT 6.3; WOW64) AppleWebKit/537.36 (KHTML, like Gecko) Chrome/41.0.2272.118 Safari/537.36"
::1 - - [08/Apr/2015:23:33:25 -0400] "GET /phpmyadmin/js/get_scripts.js.php?scripts[]=jquery/jquery.uitablefilter.js&scripts[]=gis_data_editor.js&scripts[]=multi_column_sort.js&scripts[]=makegrid.js&scripts[]=sql.js&token=388fbadb0e546bd79b666139269bd67c&call_done=1 HTTP/1.1" 200 124095 "http://localhost/phpmyadmin/" "Mozilla/5.0 (Windows NT 6.3; WOW64) AppleWebKit/537.36 (KHTML, like Gecko) Chrome/41.0.2272.118 Safari/537.36"
::1 - - [08/Apr/2015:23:33:25 -0400] "GET /phpmyadmin/themes/pmahomme/img/col_pointer.png HTTP/1.1" 200 113 "http://localhost/phpmyadmin/phpmyadmin.css.php?server=1&token=388fbadb0e546bd79b666139269bd67c&nocache=5666715340ltr" "Mozilla/5.0 (Windows NT 6.3; WOW64) AppleWebKit/537.36 (KHTML, like Gecko) Chrome/41.0.2272.118 Safari/537.36"
::1 - - [08/Apr/2015:23:33:25 -0400] "GET /phpmyadmin/themes/pmahomme/img/col_drop.png HTTP/1.1" 200 132 "http://localhost/phpmyadmin/phpmyadmin.css.php?server=1&token=388fbadb0e546bd79b666139269bd67c&nocache=5666715340ltr" "Mozilla/5.0 (Windows NT 6.3; WOW64) AppleWebKit/537.36 (KHTML, like Gecko) Chrome/41.0.2272.118 Safari/537.36"
::1 - - [08/Apr/2015:23:33:25 -0400] "GET /phpmyadmin/index.php?ajax_request=1&recent_table=1&token=388fbadb0e546bd79b666139269bd67c HTTP/1.1" 200 1583 "http://localhost/phpmyadmin/" "Mozilla/5.0 (Windows NT 6.3; WOW64) AppleWebKit/537.36 (KHTML, like Gecko) Chrome/41.0.2272.118 Safari/537.36"
::1 - - [08/Apr/2015:23:34:45 -0400] "GET /phpmyadmin/navigation.php?ajax_request=1&token=388fbadb0e546bd79b666139269bd67c&aPath=cm9vdA%3D%3D.aW5mb3JtYXRpb25fc2NoZW1h&vPath=cm9vdA%3D%3D.aW5mb3JtYXRpb25fc2NoZW1h&pos=0&pos2_name=&pos2_value=&searchClause=&searchClause2=&_nocache=1428550485812752127 HTTP/1.1" 200 48154 "http://localhost/phpmyadmin/" "Mozilla/5.0 (Windows NT 6.3; WOW64) AppleWebKit/537.36 (KHTML, like Gecko) Chrome/41.0.2272.118 Safari/537.36"
::1 - - [08/Apr/2015:23:34:49 -0400] "GET /phpmyadmin/navigation.php?ajax_request=1&token=388fbadb0e546bd79b666139269bd67c&aPath=cm9vdA%3D%3D.bXlzcWw%3D&vPath=cm9vdA%3D%3D.bXlzcWw%3D&pos=0&pos2_name=&pos2_value=&searchClause=&searchClause2=&_nocache=1428550489975894187 HTTP/1.1" 200 34450 "http://localhost/phpmyadmin/" "Mozilla/5.0 (Windows NT 6.3; WOW64) AppleWebKit/537.36 (KHTML, like Gecko) Chrome/41.0.2272.118 Safari/537.36"
::1 - - [08/Apr/2015:23:34:52 -0400] "GET /phpmyadmin/doc/html/index.html HTTP/1.1" 200 12096 "http://localhost/phpmyadmin/" "Mozilla/5.0 (Windows NT 6.3; WOW64) AppleWebKit/537.36 (KHTML, like Gecko) Chrome/41.0.2272.118 Safari/537.36"
::1 - - [08/Apr/2015:23:34:52 -0400] "GET /phpmyadmin/doc/html/_static/pygments.css HTTP/1.1" 200 3932 "http://localhost/phpmyadmin/doc/html/index.html" "Mozilla/5.0 (Windows NT 6.3; WOW64) AppleWebKit/537.36 (KHTML, like Gecko) Chrome/41.0.2272.118 Safari/537.36"
::1 - - [08/Apr/2015:23:34:52 -0400] "GET /phpmyadmin/doc/html/_static/default.css HTTP/1.1" 200 4040 "http://localhost/phpmyadmin/doc/html/index.html" "Mozilla/5.0 (Windows NT 6.3; WOW64) AppleWebKit/537.36 (KHTML, like Gecko) Chrome/41.0.2272.118 Safari/537.36"
::1 - - [08/Apr/2015:23:34:52 -0400] "GET /phpmyadmin/doc/html/_static/jquery.js HTTP/1.1" 200 72174 "http://localhost/phpmyadmin/doc/html/index.html" "Mozilla/5.0 (Windows NT 6.3; WOW64) AppleWebKit/537.36 (KHTML, like Gecko) Chrome/41.0.2272.118 Safari/537.36"
::1 - - [08/Apr/2015:23:34:52 -0400] "GET /phpmyadmin/doc/html/_static/doctools.js HTTP/1.1" 200 6840 "http://localhost/phpmyadmin/doc/html/index.html" "Mozilla/5.0 (Windows NT 6.3; WOW64) AppleWebKit/537.36 (KHTML, like Gecko) Chrome/41.0.2272.118 Safari/537.36"
::1 - - [08/Apr/2015:23:34:52 -0400] "GET /phpmyadmin/doc/html/_static/underscore.js HTTP/1.1" 200 8574 "http://localhost/phpmyadmin/doc/html/index.html" "Mozilla/5.0 (Windows NT 6.3; WOW64) AppleWebKit/537.36 (KHTML, like Gecko) Chrome/41.0.2272.118 Safari/537.36"
::1 - - [08/Apr/2015:23:34:52 -0400] "GET /phpmyadmin/doc/html/_static/basic.css HTTP/1.1" 200 8463 "http://localhost/phpmyadmin/doc/html/index.html" "Mozilla/5.0 (Windows NT 6.3; WOW64) AppleWebKit/537.36 (KHTML, like Gecko) Chrome/41.0.2272.118 Safari/537.36"
::1 - - [08/Apr/2015:23:34:54 -0400] "GET /phpmyadmin/index.php?token=388fbadb0e546bd79b666139269bd67c&ajax_request=true&ajax_page_request=true&menuHashes=314dee93-993e3be8-aa524116&_nocache=1428550494733277682 HTTP/1.1" 200 35525 "http://localhost/phpmyadmin/" "Mozilla/5.0 (Windows NT 6.3; WOW64) AppleWebKit/537.36 (KHTML, like Gecko) Chrome/41.0.2272.118 Safari/537.36"
::1 - - [08/Apr/2015:23:34:54 -0400] "GET /phpmyadmin/version_check.php?&_nocache=1428550494840806369 HTTP/1.1" 200 41 "http://localhost/phpmyadmin/" "Mozilla/5.0 (Windows NT 6.3; WOW64) AppleWebKit/537.36 (KHTML, like Gecko) Chrome/41.0.2272.118 Safari/537.36"
::1 - - [08/Apr/2015:23:35:06 -0400] "GET /phpmyadmin/server_sql.php?db=&token=388fbadb0e546bd79b666139269bd67c&ajax_request=true&ajax_page_request=true&menuHashes=314dee93-993e3be8-aa524116&_nocache=1428550506532854771 HTTP/1.1" 200 7322 "http://localhost/phpmyadmin/" "Mozilla/5.0 (Windows NT 6.3; WOW64) AppleWebKit/537.36 (KHTML, like Gecko) Chrome/41.0.2272.118 Safari/537.36"
::1 - - [08/Apr/2015:23:35:07 -0400] "GET /phpmyadmin/server_databases.php?db=&token=388fbadb0e546bd79b666139269bd67c&ajax_request=true&ajax_page_request=true&menuHashes=314dee93-993e3be8-aa524116-f18a7bb5&_nocache=1428550507315668060 HTTP/1.1" 200 38770 "http://localhost/phpmyadmin/" "Mozilla/5.0 (Windows NT 6.3; WOW64) AppleWebKit/537.36 (KHTML, like Gecko) Chrome/41.0.2272.118 Safari/537.36"
::1 - - [08/Apr/2015:23:35:07 -0400] "GET /phpmyadmin/js/get_scripts.js.php?scripts[]=server_databases.js&token=388fbadb0e546bd79b666139269bd67c&call_done=1 HTTP/1.1" 200 4781 "http://localhost/phpmyadmin/" "Mozilla/5.0 (Windows NT 6.3; WOW64) AppleWebKit/537.36 (KHTML, like Gecko) Chrome/41.0.2272.118 Safari/537.36"
::1 - - [08/Apr/2015:23:40:44 -0400] "GET /phpmyadmin/ HTTP/1.1" 200 49220 "-" "Mozilla/5.0 (Windows NT 6.3; WOW64) AppleWebKit/537.36 (KHTML, like Gecko) Chrome/41.0.2272.118 Safari/537.36"
::1 - - [08/Apr/2015:23:40:45 -0400] "GET /phpmyadmin/version_check.php?&_nocache=1428550845123485968 HTTP/1.1" 200 41 "http://localhost/phpmyadmin/" "Mozilla/5.0 (Windows NT 6.3; WOW64) AppleWebKit/537.36 (KHTML, like Gecko) Chrome/41.0.2272.118 Safari/537.36"
::1 - - [08/Apr/2015:23:50:50 -0400] "GET /phpmyadmin/ HTTP/1.1" 200 5221 "-" "Mozilla/5.0 (Windows NT 6.3; WOW64) AppleWebKit/537.36 (KHTML, like Gecko) Chrome/41.0.2272.118 Safari/537.36"
::1 - - [08/Apr/2015:23:50:50 -0400] "GET /phpmyadmin/themes/pmahomme/jquery/jquery-ui-1.9.2.custom.css HTTP/1.1" 304 - "http://localhost/phpmyadmin/" "Mozilla/5.0 (Windows NT 6.3; WOW64) AppleWebKit/537.36 (KHTML, like Gecko) Chrome/41.0.2272.118 Safari/537.36"
::1 - - [08/Apr/2015:23:50:50 -0400] "GET /phpmyadmin/themes/dot.gif HTTP/1.1" 304 - "http://localhost/phpmyadmin/" "Mozilla/5.0 (Windows NT 6.3; WOW64) AppleWebKit/537.36 (KHTML, like Gecko) Chrome/41.0.2272.118 Safari/537.36"
::1 - - [08/Apr/2015:23:50:50 -0400] "GET /phpmyadmin/js/get_scripts.js.php?token=388fbadb0e546bd79b666139269bd67c&scripts[]=jquery/jquery-1.8.3.min.js&scripts[]=ajax.js&scripts[]=keyhandler.js&scripts[]=jquery/jquery-ui-1.9.2.custom.min.js&scripts[]=jquery/jquery.sprintf.js&scripts[]=jquery/jquery.cookie.js&scripts[]=jquery/jquery.mousewheel.js&scripts[]=jquery/jquery.event.drag-2.2.js&scripts[]=jquery/jquery-ui-timepicker-addon.js&scripts[]=jquery/jquery.ba-hashchange-1.3.js&scripts[]=jquery/jquery.debounce-1.0.5.js&scripts[]=jquery/jquery.menuResizer-1.0.js&scripts[]=cross_framing_protection.js&scripts[]=rte.js&scripts[]=tracekit/tracekit.js&scripts[]=error_report.js&scripts[]=doclinks.js&scripts[]=functions.js&scripts[]=navigation.js&scripts[]=indexes.js&scripts[]=common.js&scripts[]=codemirror/lib/codemirror.js&scripts[]=codemirror/mode/sql/sql.js&scripts[]=codemirror/addon/runmode/runmode.js HTTP/1.1" 200 1048094 "http://localhost/phpmyadmin/" "Mozilla/5.0 (Windows NT 6.3; WOW64) AppleWebKit/537.36 (KHTML, like Gecko) Chrome/41.0.2272.118 Safari/537.36"
::1 - - [08/Apr/2015:23:50:50 -0400] "GET /phpmyadmin/phpmyadmin.css.php?server=1&token=388fbadb0e546bd79b666139269bd67c&nocache=4238165475ltr HTTP/1.1" 200 98150 "http://localhost/phpmyadmin/" "Mozilla/5.0 (Windows NT 6.3; WOW64) AppleWebKit/537.36 (KHTML, like Gecko) Chrome/41.0.2272.118 Safari/537.36"
::1 - - [08/Apr/2015:23:50:50 -0400] "GET /phpmyadmin/js/whitelist.php?lang=en&db=&token=388fbadb0e546bd79b666139269bd67c HTTP/1.1" 200 2269 "http://localhost/phpmyadmin/" "Mozilla/5.0 (Windows NT 6.3; WOW64) AppleWebKit/537.36 (KHTML, like Gecko) Chrome/41.0.2272.118 Safari/537.36"
::1 - - [08/Apr/2015:23:50:50 -0400] "GET /phpmyadmin/js/messages.php?lang=en&db=&token=388fbadb0e546bd79b666139269bd67c HTTP/1.1" 200 17825 "http://localhost/phpmyadmin/" "Mozilla/5.0 (Windows NT 6.3; WOW64) AppleWebKit/537.36 (KHTML, like Gecko) Chrome/41.0.2272.118 Safari/537.36"
::1 - - [08/Apr/2015:23:50:50 -0400] "GET /phpmyadmin/js/get_image.js.php?theme=pmahomme HTTP/1.1" 200 6435 "http://localhost/phpmyadmin/" "Mozilla/5.0 (Windows NT 6.3; WOW64) AppleWebKit/537.36 (KHTML, like Gecko) Chrome/41.0.2272.118 Safari/537.36"
::1 - - [08/Apr/2015:23:50:50 -0400] "GET /phpmyadmin/index.php?db=&table=&server=1&target=&token=388fbadb0e546bd79b666139269bd67c HTTP/1.1" 200 5221 "http://localhost/phpmyadmin/" "Mozilla/5.0 (Windows NT 6.3; WOW64) AppleWebKit/537.36 (KHTML, like Gecko) Chrome/41.0.2272.118 Safari/537.36"
::1 - - [08/Apr/2015:23:51:01 -0400] "GET /phpmyadmin/ HTTP/1.1" 200 5221 "-" "Mozilla/5.0 (Windows NT 6.3; WOW64) AppleWebKit/537.36 (KHTML, like Gecko) Chrome/41.0.2272.118 Safari/537.36"
::1 - - [08/Apr/2015:23:53:19 -0400] "GET / HTTP/1.1" 200 206 "-" "Mozilla/5.0 (Windows NT 6.3; WOW64) AppleWebKit/537.36 (KHTML, like Gecko) Chrome/41.0.2272.118 Safari/537.36"
::1 - - [08/Apr/2015:23:53:20 -0400] "GET /phpmyadmin/ HTTP/1.1" 200 48804 "-" "Mozilla/5.0 (Windows NT 6.3; WOW64) AppleWebKit/537.36 (KHTML, like Gecko) Chrome/41.0.2272.118 Safari/537.36"
::1 - - [08/Apr/2015:23:53:21 -0400] "GET /phpmyadmin/phpmyadmin.css.php?server=1&token=388fbadb0e546bd79b666139269bd67c&nocache=5686648564ltr HTTP/1.1" 200 98150 "http://localhost/phpmyadmin/" "Mozilla/5.0 (Windows NT 6.3; WOW64) AppleWebKit/537.36 (KHTML, like Gecko) Chrome/41.0.2272.118 Safari/537.36"
::1 - - [08/Apr/2015:23:53:21 -0400] "GET /phpmyadmin/version_check.php?&_nocache=1428551601438847392 HTTP/1.1" 200 41 "http://localhost/phpmyadmin/" "Mozilla/5.0 (Windows NT 6.3; WOW64) AppleWebKit/537.36 (KHTML, like Gecko) Chrome/41.0.2272.118 Safari/537.36"
::1 - - [08/Apr/2015:23:53:41 -0400] "GET /phpmyadmin/changelog.php HTTP/1.1" 200 37050 "http://localhost/phpmyadmin/" "Mozilla/5.0 (Windows NT 6.3; WOW64) AppleWebKit/537.36 (KHTML, like Gecko) Chrome/41.0.2272.118 Safari/537.36"
::1 - - [08/Apr/2015:23:53:56 -0400] "GET /phpmyadmin/url.php?url=http%3A%2F%2Fwww.phpMyAdmin.net%2F HTTP/1.1" 200 204 "http://localhost/phpmyadmin/" "Mozilla/5.0 (Windows NT 6.3; WOW64) AppleWebKit/537.36 (KHTML, like Gecko) Chrome/41.0.2272.118 Safari/537.36"
::1 - - [08/Apr/2015:23:57:55 -0400] "GET /phpmyadmin/ HTTP/1.1" 200 10076 "-" "Mozilla/5.0 (Windows NT 6.3; WOW64) AppleWebKit/537.36 (KHTML, like Gecko) Chrome/41.0.2272.118 Safari/537.36"
::1 - - [08/Apr/2015:23:57:55 -0400] "GET /phpmyadmin/themes/pmahomme/jquery/jquery-ui-1.11.2.css HTTP/1.1" 200 35212 "http://localhost/phpmyadmin/" "Mozilla/5.0 (Windows NT 6.3; WOW64) AppleWebKit/537.36 (KHTML, like Gecko) Chrome/41.0.2272.118 Safari/537.36"
::1 - - [08/Apr/2015:23:57:55 -0400] "GET /phpmyadmin/themes/pmahomme/img/s_collapseall.png HTTP/1.1" 200 170 "http://localhost/phpmyadmin/" "Mozilla/5.0 (Windows NT 6.3; WOW64) AppleWebKit/537.36 (KHTML, like Gecko) Chrome/41.0.2272.118 Safari/537.36"
::1 - - [08/Apr/2015:23:57:55 -0400] "GET /phpmyadmin/js/get_scripts.js.php?scripts%5B%5D=jquery/jquery-1.11.1.min.js&scripts%5B%5D=sprintf.js&scripts%5B%5D=ajax.js&scripts%5B%5D=keyhandler.js&scripts%5B%5D=jquery/jquery-ui-1.11.2.min.js&scripts%5B%5D=jquery/jquery.cookie.js&scripts%5B%5D=jquery/jquery.mousewheel.js&scripts%5B%5D=jquery/jquery.event.drag-2.2.js&scripts%5B%5D=jquery/jquery-ui-timepicker-addon.js&scripts%5B%5D=jquery/jquery.ba-hashchange-1.3.js&scripts%5B%5D=jquery/jquery.debounce-1.0.5.js&scripts%5B%5D=menu-resizer.js&scripts%5B%5D=cross_framing_protection.js&scripts%5B%5D=rte.js&scripts%5B%5D=tracekit/tracekit.js&scripts%5B%5D=error_report.js&scripts%5B%5D=doclinks.js&scripts%5B%5D=functions.js&scripts%5B%5D=navigation.js&scripts%5B%5D=indexes.js&scripts%5B%5D=common.js&scripts%5B%5D=codemirror/lib/codemirror.js&scripts%5B%5D=codemirror/mode/sql/sql.js&scripts%5B%5D=codemirror/addon/runmode/runmode.js&scripts%5B%5D=codemirror/addon/hint/show-hint.js&scripts%5B%5D=codemirror/addon/hint/sql-hint.js&scripts%5B%5D=console.js HTTP/1.1" 200 1301069 "http://localhost/phpmyadmin/" "Mozilla/5.0 (Windows NT 6.3; WOW64) AppleWebKit/537.36 (KHTML, like Gecko) Chrome/41.0.2272.118 Safari/537.36"
::1 - - [08/Apr/2015:23:57:55 -0400] "GET /phpmyadmin/phpmyadmin.css.php?nocache=5700427056ltr HTTP/1.1" 200 111081 "http://localhost/phpmyadmin/" "Mozilla/5.0 (Windows NT 6.3; WOW64) AppleWebKit/537.36 (KHTML, like Gecko) Chrome/41.0.2272.118 Safari/537.36"
::1 - - [08/Apr/2015:23:57:56 -0400] "GET /phpmyadmin/version_check.php?&_nocache=1428551876325941727 HTTP/1.1" 200 41 "http://localhost/phpmyadmin/" "Mozilla/5.0 (Windows NT 6.3; WOW64) AppleWebKit/537.36 (KHTML, like Gecko) Chrome/41.0.2272.118 Safari/537.36"
::1 - - [08/Apr/2015:23:58:23 -0400] "GET /phpmyadmin/ HTTP/1.1" 200 9447 "-" "Mozilla/5.0 (Windows NT 6.3; WOW64) AppleWebKit/537.36 (KHTML, like Gecko) Chrome/41.0.2272.118 Safari/537.36"
::1 - - [08/Apr/2015:23:58:23 -0400] "GET /phpmyadmin/themes/pmahomme/jquery/jquery-ui-1.11.2.css HTTP/1.1" 304 - "http://localhost/phpmyadmin/" "Mozilla/5.0 (Windows NT 6.3; WOW64) AppleWebKit/537.36 (KHTML, like Gecko) Chrome/41.0.2272.118 Safari/537.36"
::1 - - [08/Apr/2015:23:58:23 -0400] "GET /phpmyadmin/themes/pmahomme/img/s_collapseall.png HTTP/1.1" 304 - "http://localhost/phpmyadmin/" "Mozilla/5.0 (Windows NT 6.3; WOW64) AppleWebKit/537.36 (KHTML, like Gecko) Chrome/41.0.2272.118 Safari/537.36"
::1 - - [08/Apr/2015:23:58:23 -0400] "GET /phpmyadmin/version_check.php?&_nocache=142855190399719824 HTTP/1.1" 200 41 "http://localhost/phpmyadmin/" "Mozilla/5.0 (Windows NT 6.3; WOW64) AppleWebKit/537.36 (KHTML, like Gecko) Chrome/41.0.2272.118 Safari/537.36"
::1 - - [08/Apr/2015:23:58:56 -0400] "GET / HTTP/1.1" 200 206 "-" "Mozilla/5.0 (Windows NT 6.3; WOW64) AppleWebKit/537.36 (KHTML, like Gecko) Chrome/41.0.2272.118 Safari/537.36"
::1 - - [08/Apr/2015:23:59:19 -0400] "GET / HTTP/1.1" 200 5 "-" "Mozilla/5.0 (Windows NT 6.3; WOW64) AppleWebKit/537.36 (KHTML, like Gecko) Chrome/41.0.2272.118 Safari/537.36"
::1 - - [08/Apr/2015:23:59:21 -0400] "GET / HTTP/1.1" 200 5 "-" "Mozilla/5.0 (Windows NT 6.3; WOW64) AppleWebKit/537.36 (KHTML, like Gecko) Chrome/41.0.2272.118 Safari/537.36"
::1 - - [09/Apr/2015:00:00:34 -0400] "GET /phpmyadmin/ HTTP/1.1" 200 9447 "-" "Mozilla/5.0 (Windows NT 6.3; WOW64) AppleWebKit/537.36 (KHTML, like Gecko) Chrome/41.0.2272.118 Safari/537.36"
::1 - - [09/Apr/2015:00:00:34 -0400] "GET /phpmyadmin/themes/pmahomme/jquery/jquery-ui-1.11.2.css HTTP/1.1" 304 - "http://localhost/phpmyadmin/" "Mozilla/5.0 (Windows NT 6.3; WOW64) AppleWebKit/537.36 (KHTML, like Gecko) Chrome/41.0.2272.118 Safari/537.36"
::1 - - [09/Apr/2015:00:00:34 -0400] "GET /phpmyadmin/themes/pmahomme/img/s_collapseall.png HTTP/1.1" 304 - "http://localhost/phpmyadmin/" "Mozilla/5.0 (Windows NT 6.3; WOW64) AppleWebKit/537.36 (KHTML, like Gecko) Chrome/41.0.2272.118 Safari/537.36"
::1 - - [09/Apr/2015:00:00:34 -0400] "GET /phpmyadmin/version_check.php?&_nocache=1428552034717614099 HTTP/1.1" 200 41 "http://localhost/phpmyadmin/" "Mozilla/5.0 (Windows NT 6.3; WOW64) AppleWebKit/537.36 (KHTML, like Gecko) Chrome/41.0.2272.118 Safari/537.36"
::1 - - [09/Apr/2015:00:00:51 -0400] "GET / HTTP/1.1" 200 2554 "-" "Mozilla/5.0 (Windows NT 6.3; WOW64) AppleWebKit/537.36 (KHTML, like Gecko) Chrome/41.0.2272.118 Safari/537.36"
::1 - - [09/Apr/2015:00:00:51 -0400] "GET /core/CPLS_Stylesheet.css HTTP/1.1" 200 6637 "http://localhost/" "Mozilla/5.0 (Windows NT 6.3; WOW64) AppleWebKit/537.36 (KHTML, like Gecko) Chrome/41.0.2272.118 Safari/537.36"
::1 - - [09/Apr/2015:00:00:51 -0400] "GET /core/scripts/jquery-1.6.2.min.js HTTP/1.1" 200 91555 "http://localhost/" "Mozilla/5.0 (Windows NT 6.3; WOW64) AppleWebKit/537.36 (KHTML, like Gecko) Chrome/41.0.2272.118 Safari/537.36"
::1 - - [09/Apr/2015:00:00:51 -0400] "GET /core/scripts/my_scripts.js HTTP/1.1" 200 1744 "http://localhost/" "Mozilla/5.0 (Windows NT 6.3; WOW64) AppleWebKit/537.36 (KHTML, like Gecko) Chrome/41.0.2272.118 Safari/537.36"
::1 - - [09/Apr/2015:00:00:51 -0400] "GET /core/images/Facebook.jpg HTTP/1.1" 200 11680 "http://localhost/" "Mozilla/5.0 (Windows NT 6.3; WOW64) AppleWebKit/537.36 (KHTML, like Gecko) Chrome/41.0.2272.118 Safari/537.36"
::1 - - [09/Apr/2015:00:00:51 -0400] "GET /core/images/cplswebsitebanner.pdf HTTP/1.1" 404 1175 "http://localhost/" "Mozilla/5.0 (Windows NT 6.3; WOW64) AppleWebKit/537.36 (KHTML, like Gecko) Chrome/41.0.2272.118 Safari/537.36"
::1 - - [09/Apr/2015:00:00:51 -0400] "GET /core/images/instagram.jpg HTTP/1.1" 200 10603 "http://localhost/" "Mozilla/5.0 (Windows NT 6.3; WOW64) AppleWebKit/537.36 (KHTML, like Gecko) Chrome/41.0.2272.118 Safari/537.36"
::1 - - [09/Apr/2015:00:00:51 -0400] "GET /core/images/twitter.jpg HTTP/1.1" 200 14940 "http://localhost/" "Mozilla/5.0 (Windows NT 6.3; WOW64) AppleWebKit/537.36 (KHTML, like Gecko) Chrome/41.0.2272.118 Safari/537.36"
::1 - - [09/Apr/2015:00:00:51 -0400] "GET /core/images/index/CPLS_Logo.jpg HTTP/1.1" 200 19195 "http://localhost/" "Mozilla/5.0 (Windows NT 6.3; WOW64) AppleWebKit/537.36 (KHTML, like Gecko) Chrome/41.0.2272.118 Safari/537.36"
::1 - - [09/Apr/2015:00:01:00 -0400] "GET /girls/0.php HTTP/1.1" 200 2452 "http://localhost/" "Mozilla/5.0 (Windows NT 6.3; WOW64) AppleWebKit/537.36 (KHTML, like Gecko) Chrome/41.0.2272.118 Safari/537.36"
::1 - - [09/Apr/2015:00:01:00 -0400] "GET /Core/CPLS_Stylesheet.css HTTP/1.1" 200 6637 "http://localhost/girls/0.php" "Mozilla/5.0 (Windows NT 6.3; WOW64) AppleWebKit/537.36 (KHTML, like Gecko) Chrome/41.0.2272.118 Safari/537.36"
::1 - - [09/Apr/2015:00:01:00 -0400] "GET /core/images/cplswebsitebanner.pdf HTTP/1.1" 404 1197 "http://localhost/girls/0.php" "Mozilla/5.0 (Windows NT 6.3; WOW64) AppleWebKit/537.36 (KHTML, like Gecko) Chrome/41.0.2272.118 Safari/537.36"
::1 - - [09/Apr/2015:00:01:02 -0400] "GET /fashion/0.php HTTP/1.1" 404 1175 "http://localhost/" "Mozilla/5.0 (Windows NT 6.3; WOW64) AppleWebKit/537.36 (KHTML, like Gecko) Chrome/41.0.2272.118 Safari/537.36"
