[Wed Apr 08 22:27:40.260850 2015] [ssl:warn] [pid 6052:tid 208] AH01909: www.example.com:443:0 server certificate does NOT include an ID which matches the server name
[Wed Apr 08 22:27:40.458981 2015] [ssl:warn] [pid 6052:tid 208] AH01909: www.example.com:443:0 server certificate does NOT include an ID which matches the server name
[Wed Apr 08 22:27:40.581066 2015] [mpm_winnt:notice] [pid 6052:tid 208] AH00455: Apache/2.4.10 (Win32) OpenSSL/1.0.1i PHP/5.6.3 configured -- resuming normal operations
[Wed Apr 08 22:27:40.581066 2015] [mpm_winnt:notice] [pid 6052:tid 208] AH00456: Apache Lounge VC11 Server built: Jul 17 2014 11:50:08
[Wed Apr 08 22:27:40.581066 2015] [core:notice] [pid 6052:tid 208] AH00094: Command line: 'C:\\xampp\\apache\\bin\\httpd.exe -d C:/xampp/apache'
[Wed Apr 08 22:27:40.585065 2015] [mpm_winnt:notice] [pid 6052:tid 208] AH00418: Parent: Created child process 288
[Wed Apr 08 22:27:41.169452 2015] [ssl:warn] [pid 288:tid 316] AH01909: www.example.com:443:0 server certificate does NOT include an ID which matches the server name
[Wed Apr 08 22:27:41.336562 2015] [ssl:warn] [pid 288:tid 316] AH01909: www.example.com:443:0 server certificate does NOT include an ID which matches the server name
[Wed Apr 08 22:27:41.379591 2015] [mpm_winnt:notice] [pid 288:tid 316] AH00354: Child: Starting 150 worker threads.
[Wed Apr 08 23:24:08.812101 2015] [ssl:warn] [pid 5392:tid 384] AH01909: www.example.com:443:0 server certificate does NOT include an ID which matches the server name
[Wed Apr 08 23:24:08.827727 2015] [core:warn] [pid 5392:tid 384] AH00098: pid file C:/xampp/apache/logs/httpd.pid overwritten -- Unclean shutdown of previous Apache run?
[Wed Apr 08 23:24:08.905855 2015] [ssl:warn] [pid 5392:tid 384] AH01909: www.example.com:443:0 server certificate does NOT include an ID which matches the server name
[Wed Apr 08 23:24:09.187119 2015] [mpm_winnt:notice] [pid 5392:tid 384] AH00455: Apache/2.4.10 (Win32) OpenSSL/1.0.1i PHP/5.6.3 configured -- resuming normal operations
[Wed Apr 08 23:24:09.187119 2015] [mpm_winnt:notice] [pid 5392:tid 384] AH00456: Apache Lounge VC11 Server built: Jul 17 2014 11:50:08
[Wed Apr 08 23:24:09.187119 2015] [core:notice] [pid 5392:tid 384] AH00094: Command line: 'c:\\xampp\\apache\\bin\\httpd.exe -d C:/xampp/apache'
[Wed Apr 08 23:24:09.187119 2015] [mpm_winnt:notice] [pid 5392:tid 384] AH00418: Parent: Created child process 5528
[Wed Apr 08 23:24:09.530887 2015] [ssl:warn] [pid 5528:tid 416] AH01909: www.example.com:443:0 server certificate does NOT include an ID which matches the server name
[Wed Apr 08 23:24:09.640268 2015] [ssl:warn] [pid 5528:tid 416] AH01909: www.example.com:443:0 server certificate does NOT include an ID which matches the server name
[Wed Apr 08 23:24:09.655895 2015] [mpm_winnt:notice] [pid 5528:tid 416] AH00354: Child: Starting 150 worker threads.
[Wed Apr 08 23:53:16.359383 2015] [ssl:warn] [pid 1744:tid 448] AH01909: www.example.com:443:0 server certificate does NOT include an ID which matches the server name
[Wed Apr 08 23:53:16.390634 2015] [core:warn] [pid 1744:tid 448] AH00098: pid file C:/xampp/apache/logs/httpd.pid overwritten -- Unclean shutdown of previous Apache run?
[Wed Apr 08 23:53:16.468762 2015] [ssl:warn] [pid 1744:tid 448] AH01909: www.example.com:443:0 server certificate does NOT include an ID which matches the server name
[Wed Apr 08 23:53:16.500016 2015] [mpm_winnt:notice] [pid 1744:tid 448] AH00455: Apache/2.4.10 (Win32) OpenSSL/1.0.1i PHP/5.6.3 configured -- resuming normal operations
[Wed Apr 08 23:53:16.500016 2015] [mpm_winnt:notice] [pid 1744:tid 448] AH00456: Apache Lounge VC11 Server built: Jul 17 2014 11:50:08
[Wed Apr 08 23:53:16.500016 2015] [core:notice] [pid 1744:tid 448] AH00094: Command line: 'c:\\xampp\\apache\\bin\\httpd.exe -d C:/xampp/apache'
[Wed Apr 08 23:53:16.500016 2015] [mpm_winnt:notice] [pid 1744:tid 448] AH00418: Parent: Created child process 6152
[Wed Apr 08 23:53:16.843783 2015] [ssl:warn] [pid 6152:tid 432] AH01909: www.example.com:443:0 server certificate does NOT include an ID which matches the server name
[Wed Apr 08 23:53:16.937536 2015] [ssl:warn] [pid 6152:tid 432] AH01909: www.example.com:443:0 server certificate does NOT include an ID which matches the server name
[Wed Apr 08 23:53:16.968789 2015] [mpm_winnt:notice] [pid 6152:tid 432] AH00354: Child: Starting 150 worker threads.
[Wed Apr 08 23:57:52.571754 2015] [ssl:warn] [pid 4632:tid 424] AH01909: www.example.com:443:0 server certificate does NOT include an ID which matches the server name
[Wed Apr 08 23:57:52.605226 2015] [core:warn] [pid 4632:tid 424] AH00098: pid file C:/xampp/apache/logs/httpd.pid overwritten -- Unclean shutdown of previous Apache run?
[Wed Apr 08 23:57:52.702301 2015] [ssl:warn] [pid 4632:tid 424] AH01909: www.example.com:443:0 server certificate does NOT include an ID which matches the server name
[Wed Apr 08 23:57:52.735317 2015] [mpm_winnt:notice] [pid 4632:tid 424] AH00455: Apache/2.4.10 (Win32) OpenSSL/1.0.1i PHP/5.6.3 configured -- resuming normal operations
[Wed Apr 08 23:57:52.735317 2015] [mpm_winnt:notice] [pid 4632:tid 424] AH00456: Apache Lounge VC11 Server built: Jul 17 2014 11:50:08
[Wed Apr 08 23:57:52.735317 2015] [core:notice] [pid 4632:tid 424] AH00094: Command line: 'c:\\xampp\\apache\\bin\\httpd.exe -d C:/xampp/apache'
[Wed Apr 08 23:57:52.738321 2015] [mpm_winnt:notice] [pid 4632:tid 424] AH00418: Parent: Created child process 6924
[Wed Apr 08 23:57:53.174124 2015] [ssl:warn] [pid 6924:tid 452] AH01909: www.example.com:443:0 server certificate does NOT include an ID which matches the server name
[Wed Apr 08 23:57:53.300210 2015] [ssl:warn] [pid 6924:tid 452] AH01909: www.example.com:443:0 server certificate does NOT include an ID which matches the server name
[Wed Apr 08 23:57:53.337234 2015] [mpm_winnt:notice] [pid 6924:tid 452] AH00354: Child: Starting 150 worker threads.
[Thu Apr 09 00:29:11.840587 2015] [mpm_winnt:crit] [pid 6924:tid 452] AH02538: Child: Parent process exited abruptly. Child process is ending
[Thu Apr 09 00:29:11.840587 2015] [mpm_winnt:warn] [pid 6924:tid 548] (OS 995)The I/O operation has been aborted because of either a thread exit or an application request.  : AH00341: winnt_accept: Asynchronous AcceptEx failed.
[Thu Apr 09 00:29:11.840587 2015] [mpm_winnt:warn] [pid 6924:tid 544] (OS 995)The I/O operation has been aborted because of either a thread exit or an application request.  : AH00341: winnt_accept: Asynchronous AcceptEx failed.
[Thu Apr 09 01:59:06.695673 2015] [ssl:warn] [pid 7032:tid 452] AH01909: www.example.com:443:0 server certificate does NOT include an ID which matches the server name
[Thu Apr 09 01:59:06.726927 2015] [core:warn] [pid 7032:tid 452] AH00098: pid file C:/xampp/apache/logs/httpd.pid overwritten -- Unclean shutdown of previous Apache run?
[Thu Apr 09 01:59:06.805053 2015] [ssl:warn] [pid 7032:tid 452] AH01909: www.example.com:443:0 server certificate does NOT include an ID which matches the server name
[Thu Apr 09 01:59:06.898808 2015] [mpm_winnt:notice] [pid 7032:tid 452] AH00455: Apache/2.4.10 (Win32) OpenSSL/1.0.1i PHP/5.6.3 configured -- resuming normal operations
[Thu Apr 09 01:59:06.898808 2015] [mpm_winnt:notice] [pid 7032:tid 452] AH00456: Apache Lounge VC11 Server built: Jul 17 2014 11:50:08
[Thu Apr 09 01:59:06.898808 2015] [core:notice] [pid 7032:tid 452] AH00094: Command line: 'apache\\bin\\httpd.exe -d C:/xampp/apache'
[Thu Apr 09 01:59:06.898808 2015] [mpm_winnt:notice] [pid 7032:tid 452] AH00418: Parent: Created child process 2656
Apache server shutdown initiated...
sl:warn] [pid 2656:tid 424] AH01909: www.example.com:443:0 server certificate does NOT include an ID which matches the server name
[Thu Apr 09 01:59:07.367581 2015] [ssl:warn] [pid 2656:tid 424] AH01909: www.example.com:443:0 server certificate does NOT include an ID which matches the server name
[Thu Apr 09 01:59:07.398832 2015] [mpm_winnt:notice] [pid 2656:tid 424] AH00354: Child: Starting 150 worker threads.
[Thu Apr 09 01:59:07.398832 2015] [mpm_winnt:notice] [pid 7032:tid 452] AH00422: Parent: Received shutdown signal -- Shutting down the server.
[Thu Apr 09 01:59:07.398832 2015] [mpm_winnt:error] [pid 2656:tid 528] (OS 10038)An operation was attempted on something that is not a socket.  : AH02322: winnt_accept: failed to retrieve AcceptEx, try 'AcceptFilter none'
[Thu Apr 09 01:59:07.398832 2015] [mpm_winnt:error] [pid 2656:tid 1796] (OS 10038)An operation was attempted on something that is not a socket.  : AH00333: WSAEventSelect() failed.
[Thu Apr 09 01:59:07.398832 2015] [mpm_winnt:error] [pid 2656:tid 532] (OS 10038)An operation was attempted on something that is not a socket.  : AH00332: winnt_accept: getsockname error on listening socket, is IPv6 available?
[Thu Apr 09 01:59:09.417673 2015] [mpm_winnt:notice] [pid 2656:tid 424] AH00364: Child: All worker threads have exited.
[Thu Apr 09 01:59:09.448928 2015] [mpm_winnt:notice] [pid 7032:tid 452] AH00430: Parent: Child process 2656 exited successfully.
