2015-04-09 02:00:02 5236 [Note] Plugin 'FEDERATED' is disabled.
2015-04-09 02:00:02 5236 [Note] InnoDB: Using atomics to ref count buffer pool pages
2015-04-09 02:00:02 1ab8 InnoDB: !!!!!!!! UNIV_DEBUG switched on !!!!!!!!!
2015-04-09 02:00:02 1ab8 InnoDB: !!!!!!!! UNIV_SYNC_DEBUG switched on !!!!!!!!!
2015-04-09 02:00:02 5236 [Note] InnoDB: The InnoDB memory heap is disabled
2015-04-09 02:00:02 5236 [Note] InnoDB: Mutexes and rw_locks use Windows interlocked functions
2015-04-09 02:00:02 5236 [Note] InnoDB: Memory barrier is not used
2015-04-09 02:00:02 5236 [Note] InnoDB: Compressed tables use zlib 1.2.3
2015-04-09 02:00:02 5236 [Note] InnoDB: Not using CPU crc32 instructions
2015-04-09 02:00:02 5236 [Note] InnoDB: Initializing buffer pool, size = 128.0M
2015-04-09 02:00:02 5236 [Note] InnoDB: Completed initialization of buffer pool
2015-04-09 02:00:02 5236 [Note] InnoDB: Highest supported file format is Barracuda.
2015-04-09 02:00:02 5236 [Note] InnoDB: The log sequence numbers 1665234 and 1665234 in ibdata files do not match the log sequence number 1665274 in the ib_logfiles!
2015-04-09 02:00:02 5236 [Note] InnoDB: Database was not shutdown normally!
2015-04-09 02:00:02 5236 [Note] InnoDB: Starting crash recovery.
2015-04-09 02:00:02 5236 [Note] InnoDB: Reading tablespace information from the .ibd files...
2015-04-09 02:00:02 5236 [Note] InnoDB: Restoring possible half-written data pages 
2015-04-09 02:00:02 5236 [Note] InnoDB: from the doublewrite buffer...
2015-04-09 02:00:03 7120 [Note] Plugin 'FEDERATED' is disabled.
2015-04-09 02:00:03 7120 [Note] InnoDB: Using atomics to ref count buffer pool pages
2015-04-09 02:00:03 7120 [Note] InnoDB: The InnoDB memory heap is disabled
2015-04-09 02:00:03 7120 [Note] InnoDB: Mutexes and rw_locks use Windows interlocked functions
2015-04-09 02:00:03 7120 [Note] InnoDB: Memory barrier is not used
2015-04-09 02:00:03 7120 [Note] InnoDB: Compressed tables use zlib 1.2.3
2015-04-09 02:00:03 7120 [Note] InnoDB: Not using CPU crc32 instructions
2015-04-09 02:00:03 7120 [Note] InnoDB: Initializing buffer pool, size = 128.0M
2015-04-09 02:00:03 7120 [Note] InnoDB: Completed initialization of buffer pool
2015-04-09 02:00:03 7120 [Note] InnoDB: Highest supported file format is Barracuda.
2015-04-09 02:00:03 7120 [Note] InnoDB: The log sequence numbers 1665234 and 1665234 in ibdata files do not match the log sequence number 1665274 in the ib_logfiles!
2015-04-09 02:00:03 7120 [Note] InnoDB: Database was not shutdown normally!
2015-04-09 02:00:03 7120 [Note] InnoDB: Starting crash recovery.
2015-04-09 02:00:03 7120 [Note] InnoDB: Reading tablespace information from the .ibd files...
2015-04-09 02:00:03 7120 [Note] InnoDB: Restoring possible half-written data pages 
2015-04-09 02:00:03 7120 [Note] InnoDB: from the doublewrite buffer...
2015-04-09 02:00:03 7120 [Warning] InnoDB: Resizing redo log from 2*320 to 2*3072 pages, LSN=1665274
2015-04-09 02:00:03 7120 [Warning] InnoDB: Starting to delete and rewrite log files.
2015-04-09 02:00:03 7120 [Note] InnoDB: Setting log file .\ib_logfile101 size to 48 MB
2015-04-09 02:00:03 7120 [Note] InnoDB: Setting log file .\ib_logfile1 size to 48 MB
2015-04-09 02:00:04 7120 [Note] InnoDB: Renaming log file .\ib_logfile101 to .\ib_logfile0
2015-04-09 02:00:04 7120 [Warning] InnoDB: New log files created, LSN=1665274
2015-04-09 02:00:04 7120 [Note] InnoDB: 128 rollback segment(s) are active.
2015-04-09 02:00:04 7120 [Note] InnoDB: Waiting for purge to start
2015-04-09 02:00:04 7120 [Note] InnoDB: 5.6.21 started; log sequence number 1665274
2015-04-09 02:00:04 7120 [Note] Server hostname (bind-address): '*'; port: 3306
2015-04-09 02:00:04 7120 [Note] IPv6 is available.
2015-04-09 02:00:04 7120 [Note]   - '::' resolves to '::';
2015-04-09 02:00:04 7120 [Note] Server socket created on IP: '::'.
2015-04-09 02:00:04 7120 [Note] Event Scheduler: Loaded 0 events
2015-04-09 02:00:04 7120 [Note] c:\xampp\mysql\bin\mysqld.exe: ready for connections.
Version: '5.6.21'  socket: ''  port: 3306  MySQL Community Server (GPL)
mysqltest: At lin