2015-04-08 23:24:14 4564 [Note] Plugin 'FEDERATED' is disabled.
2015-04-08 23:24:14 11c0 InnoDB: Warning: Using innodb_additional_mem_pool_size is DEPRECATED. This option may be removed in future releases, together with the option innodb_use_sys_malloc and with the InnoDB's internal memory allocator.
2015-04-08 23:24:14 4564 [Note] InnoDB: Using atomics to ref count buffer pool pages
2015-04-08 23:24:14 4564 [Note] InnoDB: The InnoDB memory heap is disabled
2015-04-08 23:24:14 4564 [Note] InnoDB: Mutexes and rw_locks use Windows interlocked functions
2015-04-08 23:24:14 4564 [Note] InnoDB: Memory barrier is not used
2015-04-08 23:24:14 4564 [Note] InnoDB: Compressed tables use zlib 1.2.3
2015-04-08 23:24:14 4564 [Note] InnoDB: Not using CPU crc32 instructions
2015-04-08 23:24:14 4564 [Note] InnoDB: Initializing buffer pool, size = 16.0M
2015-04-08 23:24:14 4564 [Note] InnoDB: Completed initialization of buffer pool
2015-04-08 23:24:14 4564 [Note] InnoDB: Highest supported file format is Barracuda.
2015-04-08 23:24:14 4564 [Note] InnoDB: 128 rollback segment(s) are active.
2015-04-08 23:24:14 4564 [Note] InnoDB: Waiting for purge to start
2015-04-08 23:24:14 4564 [Note] InnoDB: 5.6.21 started; log sequence number 1665234
2015-04-08 23:24:14 4564 [Note] Server hostname (bind-address): '*'; port: 3306
2015-04-08 23:24:14 4564 [Note] IPv6 is available.
2015-04-08 23:24:14 4564 [Note]   - '::' resolves to '::';
2015-04-08 23:24:14 4564 [Note] Server socket created on IP: '::'.
2015-04-08 23:53:17 6408 [Note] Plugin 'FEDERATED' is disabled.
2015-04-08 23:53:17 110 InnoDB: Warning: Using innodb_additional_mem_pool_size is DEPRECATED. This option may be removed in future releases, together with the option innodb_use_sys_malloc and with the InnoDB's internal memory allocator.
2015-04-08 23:53:17 6408 [Note] InnoDB: Using atomics to ref count buffer pool pages
2015-04-08 23:53:17 6408 [Note] InnoDB: The InnoDB memory heap is disabled
2015-04-08 23:53:17 6408 [Note] InnoDB: Mutexes and rw_locks use Windows interlocked functions
2015-04-08 23:53:17 6408 [Note] InnoDB: Memory barrier is not used
2015-04-08 23:53:17 6408 [Note] InnoDB: Compressed tables use zlib 1.2.3
2015-04-08 23:53:17 6408 [Note] InnoDB: Not using CPU crc32 instructions
2015-04-08 23:53:17 6408 [Note] InnoDB: Initializing buffer pool, size = 16.0M
2015-04-08 23:53:17 6408 [Note] InnoDB: Completed initialization of buffer pool
2015-04-08 23:53:17 6408 [Note] InnoDB: Highest supported file format is Barracuda.
2015-04-08 23:53:17 6408 [Note] InnoDB: The log sequence numbers 1665234 and 1665234 in ibdata files do not match the log sequence number 1665244 in the ib_logfiles!
2015-04-08 23:53:17 6408 [Note] InnoDB: Database was not shutdown normally!
2015-04-08 23:53:17 6408 [Note] InnoDB: Starting crash recovery.
2015-04-08 23:53:17 6408 [Note] InnoDB: Reading tablespace information from the .ibd files...
2015-04-08 23:53:17 6408 [Note] InnoDB: Restoring possible half-written data pages 
2015-04-08 23:53:17 6408 [Note] InnoDB: from the doublewrite buffer...
2015-04-08 23:53:18 6408 [Note] InnoDB: 128 rollback segment(s) are active.
2015-04-08 23:53:18 6408 [Note] InnoDB: Waiting for purge to start
2015-04-08 23:53:18 6408 [Note] InnoDB: 5.6.21 started; log sequence number 1665244
2015-04-08 23:53:18 6408 [Note] Server hostname (bind-address): '*'; port: 3306
2015-04-08 23:53:18 6408 [Note] IPv6 is available.
2015-04-08 23:53:18 6408 [Note]   - '::' resolves to '::';
2015-04-08 23:53:18 6408 [Note] Server socket created on IP: '::'.
2015-04-08 23:57:54 1352 [Note] Plugin 'FEDERATED' is disabled.
2015-04-08 23:57:54 1638 InnoDB: Warning: Using innodb_additional_mem_pool_size is DEPRECATED. This option may be removed in future releases, together with the option innodb_use_sys_malloc and with the InnoDB's internal memory allocator.
2015-04-08 23:57:54 1352 [Note] InnoDB: Using atomics to ref count buffer pool pages
2015-04-08 23:57:54 1352 [Note] InnoDB: The InnoDB memory heap is disabled
2015-04-08 23:57:54 1352 [Note] InnoDB: Mutexes and rw_locks use Windows interlocked functions
2015-04-08 23:57:54 1352 [Note] InnoDB: Memory barrier is not used
2015-04-08 23:57:54 1352 [Note] InnoDB: Compressed tables use zlib 1.2.3
2015-04-08 23:57:54 1352 [Note] InnoDB: Not using CPU crc32 instructions
2015-04-08 23:57:54 1352 [Note] InnoDB: Initializing buffer pool, size = 16.0M
2015-04-08 23:57:54 1352 [Note] InnoDB: Completed initialization of buffer pool
2015-04-08 23:57:54 1352 [Note] InnoDB: Highest supported file format is Barracuda.
2015-04-08 23:57:54 1352 [Note] InnoDB: The log sequence numbers 1665234 and 1665234 in ibdata files do not match the log sequence number 1665254 in the ib_logfiles!
2015-04-08 23:57:54 1352 [Note] InnoDB: Database was not shutdown normally!
2015-04-08 23:57:54 1352 [Note] InnoDB: Starting crash recovery.
2015-04-08 23:57:54 1352 [Note] InnoDB: Reading tablespace information from the .ibd files...
2015-04-08 23:57:54 1352 [Note] InnoDB: Restoring possible half-written data pages 
2015-04-08 23:57:54 1352 [Note] InnoDB: from the doublewrite buffer...
2015-04-08 23:57:54 1352 [Note] InnoDB: 128 rollback segment(s) are active.
2015-04-08 23:57:54 1352 [Note] InnoDB: Waiting for purge to start
2015-04-08 23:57:54 1352 [Note] InnoDB: 5.6.21 started; log sequence number 1665254
2015-04-08 23:57:54 1352 [Note] Server hostname (bind-address): '*'; port: 3306
2015-04-08 23:57:54 1352 [Note] IPv6 is available.
2015-04-08 23:57:54 1352 [Note]   - '::' resolves to '::';
2015-04-08 23:57:54 1352 [Note] Server socket created on IP: '::'.
2015-04-08 23:58:22 2196 [Note] Plugin 'FEDERATED' is disabled.
2015-04-08 23:58:22 864 InnoDB: Warning: Using innodb_additional_mem_pool_size is DEPRECATED. This option may be removed in future releases, together with the option innodb_use_sys_malloc and with the InnoDB's internal memory allocator.
2015-04-08 23:58:22 2196 [Note] InnoDB: Using atomics to ref count buffer pool pages
2015-04-08 23:58:22 2196 [Note] InnoDB: The InnoDB memory heap is disabled
2015-04-08 23:58:22 2196 [Note] InnoDB: Mutexes and rw_locks use Windows interlocked functions
2015-04-08 23:58:22 2196 [Note] InnoDB: Memory barrier is not used
2015-04-08 23:58:22 2196 [Note] InnoDB: Compressed tables use zlib 1.2.3
2015-04-08 23:58:22 2196 [Note] InnoDB: Not using CPU crc32 instructions
2015-04-08 23:58:22 2196 [Note] InnoDB: Initializing buffer pool, size = 16.0M
2015-04-08 23:58:22 2196 [Note] InnoDB: Completed initialization of buffer pool
2015-04-08 23:58:22 2196 [Note] InnoDB: Highest supported file format is Barracuda.
2015-04-08 23:58:22 2196 [Note] InnoDB: The log sequence numbers 1665234 and 1665234 in ibdata files do not match the log sequence number 1665264 in the ib_logfiles!
2015-04-08 23:58:22 2196 [Note] InnoDB: Database was not shutdown normally!
2015-04-08 23:58:22 2196 [Note] InnoDB: Starting crash recovery.
2015-04-08 23:58:22 2196 [Note] InnoDB: Reading tablespace information from the .ibd files...
2015-04-08 23:58:22 2196 [Note] InnoDB: Restoring possible half-written data pages 
2015-04-08 23:58:22 2196 [Note] InnoDB: from the doublewrite buffer...
2015-04-08 23:58:22 2196 [Note] InnoDB: 128 rollback segment(s) are active.
2015-04-08 23:58:22 2196 [Note] InnoDB: Waiting for purge to start
2015-04-08 23:58:22 2196 [Note] InnoDB: 5.6.21 started; log sequence number 1665264
2015-04-08 23:58:22 2196 [Note] Server hostname (bind-address): '*'; port: 3306
2015-04-08 23:58:22 2196 [Note] IPv6 is available.
2015-04-08 23:58:22 2196 [Note]   - '::' resolves to '::';
2015-04-08 23:58:22 2196 [Note] Server socket created on IP: '::'.
